<?xml version="1.0" encoding="UTF-8"?>
<!-- Generated by org.testng.reporters.JUnitXMLReporter -->
<testsuite ignored="0" hostname="XINMBDL871M" failures="0" tests="1" name="bookssplitbindoriginalprintorderPart-spbind" time="2.374" errors="0" timestamp="2023-02-17T23:17:21 IST">
  <testcase classname="com.sheridan.select.TestClassOne" name="verifyByEnteringShippedDateForSplitBindOrderThenStatusNeedsToChangedFromProductionToShipped" time="0.086"/>
</testsuite> <!-- bookssplitbindoriginalprintorderPart-spbind -->
