<?xml version="1.0" encoding="UTF-8"?>
<!-- Generated by org.testng.reporters.JUnitXMLReporter -->
<testsuite ignored="0" hostname="XINMBDL871M" failures="0" tests="1" name="journalspodplaceorder3" time="177.987" errors="0" timestamp="2023-02-18T13:01:18 IST">
  <testcase classname="com.sheridan.select.tests.sds.JournalsPodPlaceOrderTest" name="verifyIfJournalPODOrderIsPlacedTheDefaultEnabledProductionPlantInProviderSettingsNeedsToBeUsed" time="172.015"/>
</testsuite> <!-- journalspodplaceorder3 -->
