# JRE version: OpenJDK Runtime Environment (16.0.2+7) (build 16.0.2+7-67)
# Java VM: OpenJDK 64-Bit Server VM (16.0.2+7-67, mixed mode, tiered, compressed oops, compressed class ptrs, g1 gc, windows-amd64)
GC Precious Log:
 CPUs: 8 total, 8 available
 Memory: 16118M
 Large Page Support: Disabled
 NUMA Support: Disabled
 Compressed Oops: Enabled (Zero based)
 Heap Region Size: 2M
 Heap Min Capacity: 8M
 Heap Initial Capacity: 252M
 Heap Max Capacity: 4030M
 Pre-touch: Disabled
 Parallel Workers: 8
 Concurrent Workers: 2
 Concurrent Refinement Workers: 8
 Periodic GC: Disabled
Heap:
 garbage-first heap   total 104448K, used 31885K [0x0000000704200000, 0x0000000800000000)
  region size 2048K, 6 young (12288K), 4 survivors (8192K)
 Metaspace       used 47400K, committed 48192K, reserved 1097728K
  class space    used 5458K, committed 5824K, reserved 1048576K
GC Heap History (20 events):
Event: 3.758 GC heap before
{Heap before GC invocations=4 (full 0):
 garbage-first heap   total 40960K, used 40508K [0x0000000704200000, 0x0000000800000000)
  region size 2048K, 16 young (32768K), 1 survivors (2048K)
 Metaspace       used 27972K, committed 28288K, reserved 1081344K
  class space    used 2988K, committed 3136K, reserved 1048576K
}
Event: 3.764 GC heap after
{Heap after GC invocations=5 (full 0):
 garbage-first heap   total 47104K, used 12409K [0x0000000704200000, 0x0000000800000000)
  region size 2048K, 3 young (6144K), 3 survivors (6144K)
 Metaspace       used 27972K, committed 28288K, reserved 1081344K
  class space    used 2988K, committed 3136K, reserved 1048576K
}
Event: 12.352 GC heap before
{Heap before GC invocations=5 (full 0):
 garbage-first heap   total 47104K, used 26745K [0x0000000704200000, 0x0000000800000000)
  region size 2048K, 11 young (22528K), 3 survivors (6144K)
 Metaspace       used 30625K, committed 30912K, reserved 1081344K
  class space    used 3304K, committed 3456K, reserved 1048576K
}
Event: 12.356 GC heap after
{Heap after GC invocations=6 (full 0):
 garbage-first heap   total 47104K, used 13591K [0x0000000704200000, 0x0000000800000000)
  region size 2048K, 1 young (2048K), 1 survivors (2048K)
 Metaspace       used 30625K, committed 30912K, reserved 1081344K
  class space    used 3304K, committed 3456K, reserved 1048576K
}
Event: 14.427 GC heap before
{Heap before GC invocations=6 (full 0):
 garbage-first heap   total 47104K, used 25879K [0x0000000704200000, 0x0000000800000000)
  region size 2048K, 8 young (16384K), 1 survivors (2048K)
 Metaspace       used 30813K, committed 31104K, reserved 1081344K
  class space    used 3312K, committed 3456K, reserved 1048576K
}
Event: 14.429 GC heap after
{Heap after GC invocations=7 (full 0):
 garbage-first heap   total 47104K, used 13744K [0x0000000704200000, 0x0000000800000000)
  region size 2048K, 1 young (2048K), 1 survivors (2048K)
 Metaspace       used 30813K, committed 31104K, reserved 1081344K
  class space    used 3312K, committed 3456K, reserved 1048576K
}
Event: 14.930 GC heap before
{Heap before GC invocations=7 (full 0):
 garbage-first heap   total 47104K, used 28080K [0x0000000704200000, 0x0000000800000000)
  region size 2048K, 9 young (18432K), 1 survivors (2048K)
 Metaspace       used 34750K, committed 35072K, reserved 1081344K
  class space    used 3719K, committed 3904K, reserved 1048576K
}
Event: 14.933 GC heap after
{Heap after GC invocations=8 (full 0):
 garbage-first heap   total 47104K, used 15622K [0x0000000704200000, 0x0000000800000000)
  region size 2048K, 2 young (4096K), 2 survivors (4096K)
 Metaspace       used 34750K, committed 35072K, reserved 1081344K
  class space    used 3719K, committed 3904K, reserved 1048576K
}
Event: 14.946 GC heap before
{Heap before GC invocations=8 (full 0):
 garbage-first heap   total 47104K, used 17670K [0x0000000704200000, 0x0000000800000000)
  region size 2048K, 4 young (8192K), 2 survivors (4096K)
 Metaspace       used 35342K, committed 35648K, reserved 1081344K
  class space    used 3719K, committed 3904K, reserved 1048576K
}
Event: 14.950 GC heap after
{Heap after GC invocations=9 (full 0):
 garbage-first heap   total 47104K, used 17729K [0x0000000704200000, 0x0000000800000000)
  region size 2048K, 1 young (2048K), 1 survivors (2048K)
 Metaspace       used 35342K, committed 35648K, reserved 1081344K
  class space    used 3719K, committed 3904K, reserved 1048576K
}
Event: 15.366 GC heap before
{Heap before GC invocations=10 (full 0):
 garbage-first heap   total 47104K, used 32065K [0x0000000704200000, 0x0000000800000000)
  region size 2048K, 8 young (16384K), 1 survivors (2048K)
 Metaspace       used 36977K, committed 37376K, reserved 1089536K
  class space    used 3935K, committed 4096K, reserved 1048576K
}
Event: 15.370 GC heap after
{Heap after GC invocations=11 (full 0):
 garbage-first heap   total 47104K, used 19151K [0x0000000704200000, 0x0000000800000000)
  region size 2048K, 1 young (2048K), 1 survivors (2048K)
 Metaspace       used 36977K, committed 37376K, reserved 1089536K
  class space    used 3935K, committed 4096K, reserved 1048576K
}
Event: 15.597 GC heap before
{Heap before GC invocations=11 (full 0):
 garbage-first heap   total 47104K, used 29391K [0x0000000704200000, 0x0000000800000000)
  region size 2048K, 7 young (14336K), 1 survivors (2048K)
 Metaspace       used 38109K, committed 38528K, reserved 1089536K
  class space    used 4116K, committed 4288K, reserved 1048576K
}
Event: 15.601 GC heap after
{Heap after GC invocations=12 (full 0):
 garbage-first heap   total 47104K, used 21093K [0x0000000704200000, 0x0000000800000000)
  region size 2048K, 1 young (2048K), 1 survivors (2048K)
 Metaspace       used 38109K, committed 38528K, reserved 1089536K
  class space    used 4116K, committed 4288K, reserved 1048576K
}
Event: 15.687 GC heap before
{Heap before GC invocations=12 (full 0):
 garbage-first heap   total 47104K, used 33381K [0x0000000704200000, 0x0000000800000000)
  region size 2048K, 7 young (14336K), 1 survivors (2048K)
 Metaspace       used 38897K, committed 39360K, reserved 1089536K
  class space    used 4196K, committed 4416K, reserved 1048576K
}
Event: 15.689 GC heap after
{Heap after GC invocations=13 (full 0):
 garbage-first heap   total 47104K, used 22675K [0x0000000704200000, 0x0000000800000000)
  region size 2048K, 1 young (2048K), 1 survivors (2048K)
 Metaspace       used 38897K, committed 39360K, reserved 1089536K
  class space    used 4196K, committed 4416K, reserved 1048576K
}
Event: 15.727 GC heap before
{Heap before GC invocations=13 (full 0):
 garbage-first heap   total 47104K, used 32915K [0x0000000704200000, 0x0000000800000000)
  region size 2048K, 6 young (12288K), 1 survivors (2048K)
 Metaspace       used 38918K, committed 39360K, reserved 1089536K
  class space    used 4198K, committed 4416K, reserved 1048576K
}
Event: 15.729 GC heap after
{Heap after GC invocations=14 (full 0):
 garbage-first heap   total 153600K, used 22801K [0x0000000704200000, 0x0000000800000000)
  region size 2048K, 1 young (2048K), 1 survivors (2048K)
 Metaspace       used 38918K, committed 39360K, reserved 1089536K
  class space    used 4198K, committed 4416K, reserved 1048576K
}
Event: 19.366 GC heap before
{Heap before GC invocations=15 (full 0):
 garbage-first heap   total 96256K, used 94481K [0x0000000704200000, 0x0000000800000000)
  region size 2048K, 36 young (73728K), 1 survivors (2048K)
 Metaspace       used 47234K, committed 48064K, reserved 1097728K
  class space    used 5448K, committed 5824K, reserved 1048576K
}
Event: 19.375 GC heap after
{Heap after GC invocations=16 (full 0):
 garbage-first heap   total 104448K, used 29837K [0x0000000704200000, 0x0000000800000000)
  region size 2048K, 4 young (8192K), 4 survivors (8192K)
 Metaspace       used 47234K, committed 48064K, reserved 1097728K
  class space    used 5448K, committed 5824K, reserved 1048576K
}

