<?xml version="1.0" encoding="UTF-8"?>
<!-- Generated by org.testng.reporters.JUnitXMLReporter -->
<testsuite ignored="4" hostname="XINMUMDLNFC5Q" failures="0" tests="1" name="Abbreviated Title of Journal is displayed" time="22.725" errors="0" timestamp="2023-07-13T12:53:57 IST">
  <testcase classname="com.prime.tests.FPJ.ArticleCiationTest" name="verifyTheAbbreviatedJournalTitleDisplayOnExportCitationPopupWhenAMAFormatSelected" time="19.776"/>
  <testcase classname="com.prime.tests.FPJ.ArticleCiationTest" name="verifyXLinkOrCancelButtonOnPreviewExportCitationPopupAreVisibleToUserAndItWillBeClosedWhenUserClickedAnywhereOutsideThePopupOrClickOnXLinkOrCancelButton" time="0.0">
    <ignored/>
  </testcase> <!-- verifyXLinkOrCancelButtonOnPreviewExportCitationPopupAreVisibleToUserAndItWillBeClosedWhenUserClickedAnywhereOutsideThePopupOrClickOnXLinkOrCancelButton -->
  <testcase classname="com.prime.tests.FPJ.ArticleCiationTest" name="verifyThatTheUserAbleToSeeRISBIBENWExportCitationButtonAndUserExportTheCitationsInRISBIBENWFormatInAppropriateFolderLocationOrDefaultDownloadFolderLocation" time="0.0">
    <ignored/>
  </testcase> <!-- verifyThatTheUserAbleToSeeRISBIBENWExportCitationButtonAndUserExportTheCitationsInRISBIBENWFormatInAppropriateFolderLocationOrDefaultDownloadFolderLocation -->
  <testcase classname="com.prime.tests.FPJ.ArticleCiationTest" name="verifyThatTheUserAbleToSelectAMAandAPACitationFormatInPreviewExportCitationPopupForOpenAccessContent" time="0.0">
    <ignored/>
  </testcase> <!-- verifyThatTheUserAbleToSelectAMAandAPACitationFormatInPreviewExportCitationPopupForOpenAccessContent -->
  <testcase classname="com.prime.tests.FPJ.ArticleCiationTest" name="verifyCitationButonAvailableAndPreviewExportCitationPopUpWillBeDisplayedWhenClickedOnIt" time="0.0">
    <ignored/>
  </testcase> <!-- verifyCitationButonAvailableAndPreviewExportCitationPopUpWillBeDisplayedWhenClickedOnIt -->
</testsuite> <!-- Abbreviated Title of Journal is displayed -->
