<?xml version="1.0" encoding="UTF-8"?>
<!-- Generated by org.testng.reporters.JUnitXMLReporter -->
<testsuite ignored="5" hostname="XINMUMDLNFC5Q" failures="0" tests="1" name="Assert theExport citation button and  Export the citation format " time="43.245" errors="0" timestamp="2023-07-18T13:12:21 IST">
  <testcase classname="com.prime.tests.FPJ.ArticleCitationTest" name="verifyThatTheUserAbleToSeeRISBIBENWExportCitationButtonAndUserExportTheCitationsInRISBIBENWFormatInAppropriateFolderLocationOrDefaultDownloadFolderLocation" time="36.607"/>
  <testcase classname="com.prime.tests.FPJ.ArticleCitationTest" name="verifyTheExportCitationFormatLabelOnCitationPopup" time="0.0">
    <ignored/>
  </testcase> <!-- verifyTheExportCitationFormatLabelOnCitationPopup -->
  <testcase classname="com.prime.tests.FPJ.ArticleCitationTest" name="verifyTheAbbreviatedJournalTitleDisplayOnExportCitationPopupWhenAMAFormatSelected" time="0.0">
    <ignored/>
  </testcase> <!-- verifyTheAbbreviatedJournalTitleDisplayOnExportCitationPopupWhenAMAFormatSelected -->
  <testcase classname="com.prime.tests.FPJ.ArticleCitationTest" name="verifyXLinkOrCancelButtonOnPreviewExportCitationPopupAreVisibleToUserAndItWillBeClosedWhenUserClickedAnywhereOutsideThePopupOrClickOnXLinkOrCancelButton" time="0.0">
    <ignored/>
  </testcase> <!-- verifyXLinkOrCancelButtonOnPreviewExportCitationPopupAreVisibleToUserAndItWillBeClosedWhenUserClickedAnywhereOutsideThePopupOrClickOnXLinkOrCancelButton -->
  <testcase classname="com.prime.tests.FPJ.ArticleCitationTest" name="verifyThatTheUserAbleToSelectAMAandAPACitationFormatInPreviewExportCitationPopupForOpenAccessContent" time="0.0">
    <ignored/>
  </testcase> <!-- verifyThatTheUserAbleToSelectAMAandAPACitationFormatInPreviewExportCitationPopupForOpenAccessContent -->
  <testcase classname="com.prime.tests.FPJ.ArticleCitationTest" name="verifyCitationButonAvailableAndPreviewExportCitationPopUpWillBeDisplayedWhenClickedOnIt" time="0.0">
    <ignored/>
  </testcase> <!-- verifyCitationButonAvailableAndPreviewExportCitationPopUpWillBeDisplayedWhenClickedOnIt -->
</testsuite> <!-- Assert theExport citation button and  Export the citation format  -->
