<?xml version="1.0" encoding="UTF-8"?>
<!-- Generated by org.testng.reporters.JUnitXMLReporter -->
<testsuite ignored="5" hostname="XINMUMDLNFC5Q" failures="0" tests="1" name="Citation CLosed" time="28.933" errors="0" timestamp="2023-07-18T13:12:06 IST">
  <testcase classname="com.prime.tests.FPJ.ArticleCitationTest" name="verifyXLinkOrCancelButtonOnPreviewExportCitationPopupAreVisibleToUserAndItWillBeClosedWhenUserClickedAnywhereOutsideThePopupOrClickOnXLinkOrCancelButton" time="22.274"/>
  <testcase classname="com.prime.tests.FPJ.ArticleCitationTest" name="verifyTheExportCitationFormatLabelOnCitationPopup" time="0.0">
    <ignored/>
  </testcase> <!-- verifyTheExportCitationFormatLabelOnCitationPopup -->
  <testcase classname="com.prime.tests.FPJ.ArticleCitationTest" name="verifyThatTheUserAbleToSeeRISBIBENWExportCitationButtonAndUserExportTheCitationsInRISBIBENWFormatInAppropriateFolderLocationOrDefaultDownloadFolderLocation" time="0.0">
    <ignored/>
  </testcase> <!-- verifyThatTheUserAbleToSeeRISBIBENWExportCitationButtonAndUserExportTheCitationsInRISBIBENWFormatInAppropriateFolderLocationOrDefaultDownloadFolderLocation -->
  <testcase classname="com.prime.tests.FPJ.ArticleCitationTest" name="verifyTheAbbreviatedJournalTitleDisplayOnExportCitationPopupWhenAMAFormatSelected" time="0.0">
    <ignored/>
  </testcase> <!-- verifyTheAbbreviatedJournalTitleDisplayOnExportCitationPopupWhenAMAFormatSelected -->
  <testcase classname="com.prime.tests.FPJ.ArticleCitationTest" name="verifyThatTheUserAbleToSelectAMAandAPACitationFormatInPreviewExportCitationPopupForOpenAccessContent" time="0.0">
    <ignored/>
  </testcase> <!-- verifyThatTheUserAbleToSelectAMAandAPACitationFormatInPreviewExportCitationPopupForOpenAccessContent -->
  <testcase classname="com.prime.tests.FPJ.ArticleCitationTest" name="verifyCitationButonAvailableAndPreviewExportCitationPopUpWillBeDisplayedWhenClickedOnIt" time="0.0">
    <ignored/>
  </testcase> <!-- verifyCitationButonAvailableAndPreviewExportCitationPopUpWillBeDisplayedWhenClickedOnIt -->
</testsuite> <!-- Citation CLosed -->
