<?xml version="1.0" encoding="UTF-8"?>
<!-- Generated by org.testng.reporters.JUnitXMLReporter -->
<testsuite ignored="0" hostname="XINMUMDLNFC5Q" failures="0" tests="6" name="PRIME_971_Citation Functionlaity" time="115.24" errors="0" timestamp="2023-07-18T20:24:07 IST">
  <testcase classname="com.prime.tests.FPJ.ArticleCitationTest" name="verifyCitationButonAvailableAndPreviewExportCitationPopUpWillBeDisplayedWhenClickedOnIt" time="17.49"/>
  <testcase classname="com.prime.tests.FPJ.ArticleCitationTest" name="verifyXLinkOrCancelButtonOnPreviewExportCitationPopupAreVisibleToUserAndItWillBeClosedWhenUserClickedAnywhereOutsideThePopupOrClickOnXLinkOrCancelButton" time="14.931"/>
  <testcase classname="com.prime.tests.FPJ.ArticleCitationTest" name="verifyThatTheUserAbleToSelectAMAandAPACitationFormatInPreviewExportCitationPopupForOpenAccessContent" time="13.57"/>
  <testcase classname="com.prime.tests.FPJ.ArticleCitationTest" name="verifyThatTheUserAbleToSeeRISBIBENWExportCitationButtonAndUserExportTheCitationsInRISBIBENWFormatInAppropriateFolderLocationOrDefaultDownloadFolderLocation" time="32.843"/>
  <testcase classname="com.prime.tests.FPJ.ArticleCitationTest" name="verifyTheExportCitationFormatLabelOnCitationPopup" time="19.587"/>
  <testcase classname="com.prime.tests.FPJ.ArticleCitationTest" name="verifyTheAbbreviatedJournalTitleDisplayOnExportCitationPopupWhenAMAFormatSelected" time="12.095"/>
</testsuite> <!-- PRIME_971_Citation Functionlaity -->
