<?xml version="1.0" encoding="UTF-8"?>
<!-- Generated by org.testng.reporters.JUnitXMLReporter -->
<testsuite ignored="0" hostname="XINMUMDLNFC5Q" failures="1" tests="2" name="PRIME_971_Citation_Functionlity" time="2.468" errors="0" timestamp="2023-08-04T10:01:22 IST">
  <testcase classname="com.generics.BaseTest" name="@AfterMethod closeApplication" time="0.001">
    <failure type="java.lang.NullPointerException" message="Cannot invoke &amp;quot;org.openqa.selenium.WebDriver.getCurrentUrl()&amp;quot; because the return value of &amp;quot;com.generics.WebDriverManager.getDriver()&amp;quot; is null">
      <![CDATA[java.lang.NullPointerException: Cannot invoke "org.openqa.selenium.WebDriver.getCurrentUrl()" because the return value of "com.generics.WebDriverManager.getDriver()" is null
at com.generics.BaseTest.closeApplication(BaseTest.java:622)
at java.base/jdk.internal.reflect.DirectMethodHandleAccessor.invoke(DirectMethodHandleAccessor.java:104)
at java.base/java.lang.reflect.Method.invoke(Method.java:578)
at org.testng.internal.MethodInvocationHelper.invokeMethod(MethodInvocationHelper.java:133)
at org.testng.internal.MethodInvocationHelper.invokeMethodConsideringTimeout(MethodInvocationHelper.java:62)
at org.testng.internal.ConfigInvoker.invokeConfigurationMethod(ConfigInvoker.java:385)
at org.testng.internal.ConfigInvoker.invokeConfigurations(ConfigInvoker.java:321)
at org.testng.internal.TestInvoker.runConfigMethods(TestInvoker.java:700)
at org.testng.internal.TestInvoker.runAfterGroupsConfigurations(TestInvoker.java:676)
at org.testng.internal.TestInvoker.invokeMethod(TestInvoker.java:660)
at org.testng.internal.TestInvoker.invokeTestMethod(TestInvoker.java:173)
at org.testng.internal.MethodRunner.runInSequence(MethodRunner.java:46)
at org.testng.internal.TestInvoker$MethodInvocationAgent.invoke(TestInvoker.java:824)
at org.testng.internal.TestInvoker.invokeTestMethods(TestInvoker.java:146)
at org.testng.internal.TestMethodWorker.invokeTestMethods(TestMethodWorker.java:146)
at org.testng.internal.TestMethodWorker.run(TestMethodWorker.java:128)
at java.base/java.util.ArrayList.forEach(ArrayList.java:1511)
at org.testng.TestRunner.privateRun(TestRunner.java:794)
at org.testng.TestRunner.run(TestRunner.java:596)
at org.testng.SuiteRunner.runTest(SuiteRunner.java:377)
at org.testng.SuiteRunner.access$000(SuiteRunner.java:28)
at org.testng.SuiteRunner$SuiteWorker.run(SuiteRunner.java:418)
at org.testng.internal.thread.ThreadUtil.lambda$execute$0(ThreadUtil.java:64)
at java.base/java.util.concurrent.FutureTask.run(FutureTask.java:317)
at java.base/java.util.concurrent.ThreadPoolExecutor.runWorker(ThreadPoolExecutor.java:1144)
at java.base/java.util.concurrent.ThreadPoolExecutor$Worker.run(ThreadPoolExecutor.java:642)
at java.base/java.lang.Thread.run(Thread.java:1589)
]]>
    </failure>
  </testcase> <!-- @AfterMethod closeApplication -->
  <testcase classname="com.generics.BaseTest" name="@AfterMethod closeApplication" time="-1.691123482665E9">
    <skipped/>
  </testcase> <!-- @AfterMethod closeApplication -->
  <testcase classname="com.prime.tests.FPJ.SavedSearchTest" name="VerifySaveSearchesContainsOptionsEditRemoveAndVerifyTheTooltipofEditandRemoveOnsavedSearchTab" time="0.054">
    <skipped/>
  </testcase> <!-- VerifySaveSearchesContainsOptionsEditRemoveAndVerifyTheTooltipofEditandRemoveOnsavedSearchTab -->
  <testcase classname="com.prime.tests.FPJ.SavedSearchTest" name="VerifySaveSearchesContainsOptionsEditRemoveAndVerifyTheTooltipofEditandRemoveOnsavedSearchTab" time="0.003">
    <failure type="java.lang.AssertionError" message="Failure while opening URL: https://prime-dev:prime-dev@meridian-fpj-draft.dev.prime.pubfactory.com/">
      <![CDATA[java.lang.AssertionError: Failure while opening URL: https://prime-dev:prime-dev@meridian-fpj-draft.dev.prime.pubfactory.com/
at org.testng.Assert.fail(Assert.java:99)
at com.generics.BaseTest.navigateToUrl(BaseTest.java:835)
at com.prime.tests.FPJ.SavedSearchTest.VerifySaveSearchesContainsOptionsEditRemoveAndVerifyTheTooltipofEditandRemoveOnsavedSearchTab(SavedSearchTest.java:169)
at java.base/jdk.internal.reflect.DirectMethodHandleAccessor.invoke(DirectMethodHandleAccessor.java:104)
at java.base/java.lang.reflect.Method.invoke(Method.java:578)
at org.testng.internal.MethodInvocationHelper.invokeMethod(MethodInvocationHelper.java:133)
at org.testng.internal.TestInvoker.invokeMethod(TestInvoker.java:598)
at org.testng.internal.TestInvoker.retryFailed(TestInvoker.java:213)
at org.testng.internal.MethodRunner.runInSequence(MethodRunner.java:58)
at org.testng.internal.TestInvoker$MethodInvocationAgent.invoke(TestInvoker.java:824)
at org.testng.internal.TestInvoker.invokeTestMethods(TestInvoker.java:146)
at org.testng.internal.TestMethodWorker.invokeTestMethods(TestMethodWorker.java:146)
at org.testng.internal.TestMethodWorker.run(TestMethodWorker.java:128)
at java.base/java.util.ArrayList.forEach(ArrayList.java:1511)
at org.testng.TestRunner.privateRun(TestRunner.java:794)
at org.testng.TestRunner.run(TestRunner.java:596)
at org.testng.SuiteRunner.runTest(SuiteRunner.java:377)
at org.testng.SuiteRunner.access$000(SuiteRunner.java:28)
at org.testng.SuiteRunner$SuiteWorker.run(SuiteRunner.java:418)
at org.testng.internal.thread.ThreadUtil.lambda$execute$0(ThreadUtil.java:64)
at java.base/java.util.concurrent.FutureTask.run(FutureTask.java:317)
at java.base/java.util.concurrent.ThreadPoolExecutor.runWorker(ThreadPoolExecutor.java:1144)
at java.base/java.util.concurrent.ThreadPoolExecutor$Worker.run(ThreadPoolExecutor.java:642)
at java.base/java.lang.Thread.run(Thread.java:1589)
]]>
    </failure>
  </testcase> <!-- VerifySaveSearchesContainsOptionsEditRemoveAndVerifyTheTooltipofEditandRemoveOnsavedSearchTab -->
</testsuite> <!-- PRIME_971_Citation_Functionlity -->
