<?xml version="1.0" encoding="UTF-8"?>
<!-- Generated by org.testng.reporters.JUnitXMLReporter -->
<testsuite ignored="7" hostname="XINMUMDLNFC5Q" failures="0" tests="1" name="Default test" time="39.658" errors="0" timestamp="2023-10-25T13:37:41 IST">
  <testcase classname="com.prime.tests.FPJ.SearchFunctionalityTest" name="VerifyThatTheAppropriateResultIsDisplayedWhenUserSelectTheArticleTypeFilterAndAccessTypeFilterFromIndexCard" time="36.311"/>
  <testcase classname="com.prime.tests.FPJ.SearchFunctionalityTest" name="VerifyRefineByDateSectionAndThatSearchBoxIsAccessibleInAllPages" time="0.0">
    <ignored/>
  </testcase> <!-- VerifyRefineByDateSectionAndThatSearchBoxIsAccessibleInAllPages -->
  <testcase classname="com.prime.tests.FPJ.SearchFunctionalityTest" name="VerifySearchPageTopPanel" time="0.0">
    <ignored/>
  </testcase> <!-- VerifySearchPageTopPanel -->
  <testcase classname="com.prime.tests.FPJ.SearchFunctionalityTest" name="VerifyPpaginationAndSortingOptionsIntheSearchResultsPage" time="0.0">
    <ignored/>
  </testcase> <!-- VerifyPpaginationAndSortingOptionsIntheSearchResultsPage -->
  <testcase classname="com.prime.tests.FPJ.SearchFunctionalityTest" name="VerifyUserIsAbleToPerformSearchWithTheCombinationOfRefineTermsByAddingClearingRemovingMoreThanOneRows" time="0.0">
    <ignored/>
  </testcase> <!-- VerifyUserIsAbleToPerformSearchWithTheCombinationOfRefineTermsByAddingClearingRemovingMoreThanOneRows -->
  <testcase classname="com.prime.tests.FPJ.SearchFunctionalityTest" name="VerifyThatTheVariousShareButtonFeatures" time="0.0">
    <ignored/>
  </testcase> <!-- VerifyThatTheVariousShareButtonFeatures -->
  <testcase classname="com.prime.tests.FPJ.SearchFunctionalityTest" name="VerifyThatSsearchResultsDetailsToolbarOptionsSaveOptionsAreAsExpected" time="0.0">
    <ignored/>
  </testcase> <!-- VerifyThatSsearchResultsDetailsToolbarOptionsSaveOptionsAreAsExpected -->
  <testcase classname="com.prime.tests.FPJ.SearchFunctionalityTest" name="VerifyVariousRefineTermsInTheSearchResultsPage" time="0.0">
    <ignored/>
  </testcase> <!-- VerifyVariousRefineTermsInTheSearchResultsPage -->
</testsuite> <!-- Default test -->
