<?xml version="1.0" encoding="UTF-8"?>
<!-- Generated by org.testng.reporters.JUnitXMLReporter -->
<testsuite ignored="7" hostname="XINMBDLN9C5Q" failures="0" tests="1" name="Default test" time="22.144" errors="0" timestamp="2023-10-26T14:08:14 IST">
  <testcase classname="com.prime.tests.FPJ.SearchFunctionalityTest" name="VerifySearchPageTopPanel" time="20.837"/>
  <testcase classname="com.prime.tests.FPJ.SearchFunctionalityTest" name="VerifyUserIsAbleToPerformSearchWithTheCombinationOfRefineTermsByAddingClearingRemovingMoreThanOneRows" time="0.0">
    <ignored/>
  </testcase> <!-- VerifyUserIsAbleToPerformSearchWithTheCombinationOfRefineTermsByAddingClearingRemovingMoreThanOneRows -->
  <testcase classname="com.prime.tests.FPJ.SearchFunctionalityTest" name="VerifyVariousRefineTermsInTheSearchResultsPage" time="0.0">
    <ignored/>
  </testcase> <!-- VerifyVariousRefineTermsInTheSearchResultsPage -->
  <testcase classname="com.prime.tests.FPJ.SearchFunctionalityTest" name="VerifyRefineByDateSectionAndThatSearchBoxIsAccessibleInAllPages" time="0.0">
    <ignored/>
  </testcase> <!-- VerifyRefineByDateSectionAndThatSearchBoxIsAccessibleInAllPages -->
  <testcase classname="com.prime.tests.FPJ.SearchFunctionalityTest" name="VerifyThatTheVariousShareButtonFeatures" time="0.0">
    <ignored/>
  </testcase> <!-- VerifyThatTheVariousShareButtonFeatures -->
  <testcase classname="com.prime.tests.FPJ.SearchFunctionalityTest" name="VerifyPpaginationAndSortingOptionsIntheSearchResultsPage" time="0.0">
    <ignored/>
  </testcase> <!-- VerifyPpaginationAndSortingOptionsIntheSearchResultsPage -->
  <testcase classname="com.prime.tests.FPJ.SearchFunctionalityTest" name="VerifyThatTheAppropriateResultIsDisplayedWhenUserSelectTheArticleTypeFilterAndAccessTypeFilterFromIndexCard" time="0.0">
    <ignored/>
  </testcase> <!-- VerifyThatTheAppropriateResultIsDisplayedWhenUserSelectTheArticleTypeFilterAndAccessTypeFilterFromIndexCard -->
  <testcase classname="com.prime.tests.FPJ.SearchFunctionalityTest" name="VerifyThatSsearchResultsDetailsToolbarOptionsSaveOptionsAreAsExpected" time="0.0">
    <ignored/>
  </testcase> <!-- VerifyThatSsearchResultsDetailsToolbarOptionsSaveOptionsAreAsExpected -->
</testsuite> <!-- Default test -->
