<?xml version="1.0" encoding="UTF-8"?>
<!-- Generated by org.testng.reporters.JUnitXMLReporter -->
<testsuite hostname="XINMBDLN9C5Q" ignored="0" name="DEMO_E2E" tests="2" failures="1" timestamp="07 Sep 2023 14:45:14 GMT" time="26.287" errors="0">
  <testcase name="verifyThatUserAbleToLaunchApplication" time="12.179" classname="com.prime.tests.FPJ.IntegrationE2EFlow">
    <skipped/>
  </testcase> <!-- verifyThatUserAbleToLaunchApplication -->
  <testcase name="verifyThatUserAbleToLaunchApplication" time="9.639" classname="com.prime.tests.FPJ.IntegrationE2EFlow">
    <failure type="java.lang.IllegalStateException" message="Cannot parse content to class com.prime.pojo.login.LoginUserAccessResponse because no content-type was present in the response and no default parser has been set.
You can specify a default parser using e.g.:
RestAssured.defaultParser = Parser.JSON;

or you can specify an explicit ObjectMapper using as(class com.prime.pojo.login.LoginUserAccessResponse, &amp;lt;ObjectMapper&amp;gt;);">
      <![CDATA[java.lang.IllegalStateException: Cannot parse content to class com.prime.pojo.login.LoginUserAccessResponse because no content-type was present in the response and no default parser has been set.
You can specify a default parser using e.g.:
RestAssured.defaultParser = Parser.JSON;

or you can specify an explicit ObjectMapper using as(class com.prime.pojo.login.LoginUserAccessResponse, <ObjectMapper>);
	at org.codehaus.groovy.runtime.callsite.ConstructorSite$ConstructorSiteNoUnwrap.callConstructor(ConstructorSite.java:86)
	at org.codehaus.groovy.runtime.callsite.AbstractCallSite.callConstructor(AbstractCallSite.java:277)
	at io.restassured.internal.RestAssuredResponseOptionsGroovyImpl$_as_closure3.doCall(RestAssuredResponseOptionsGroovyImpl.groovy:226)
	at io.restassured.internal.RestAssuredResponseOptionsGroovyImpl$_as_closure3.doCall(RestAssuredResponseOptionsGroovyImpl.groovy)
	at groovy.lang.MetaMethod.doMethodInvoke(MetaMethod.java:328)
	at org.codehaus.groovy.runtime.metaclass.ClosureMetaClass.invokeMethod(ClosureMetaClass.java:279)
	at groovy.lang.MetaClassImpl.invokeMethod(MetaClassImpl.java:1009)
	at org.codehaus.groovy.runtime.callsite.PogoMetaClassSite.call(PogoMetaClassSite.java:39)
	at org.codehaus.groovy.runtime.callsite.AbstractCallSite.call(AbstractCallSite.java:130)
	at io.restassured.internal.RestAssuredResponseOptionsGroovyImpl.findContentType(RestAssuredResponseOptionsGroovyImpl.groovy:494)
	at io.restassured.internal.RestAssuredResponseOptionsGroovyImpl.this$2$findContentType(RestAssuredResponseOptionsGroovyImpl.groovy)
	at org.codehaus.groovy.runtime.callsite.PlainObjectMetaMethodSite.doInvoke(PlainObjectMetaMethodSite.java:43)
	at org.codehaus.groovy.runtime.callsite.PogoMetaMethodSite$PogoCachedMethodSiteNoUnwrapNoCoerce.invoke(PogoMetaMethodSite.java:198)
	at org.codehaus.groovy.runtime.callsite.PogoMetaMethodSite.callCurrent(PogoMetaMethodSite.java:62)
	at org.codehaus.groovy.runtime.callsite.AbstractCallSite.callCurrent(AbstractCallSite.java:185)
	at io.restassured.internal.RestAssuredResponseOptionsGroovyImpl.as(RestAssuredResponseOptionsGroovyImpl.groovy:225)
	at io.restassured.internal.RestAssuredResponseOptionsImpl.as(RestAssuredResponseOptionsImpl.java:169)
	at com.prime.tests.FPJ.IntegrationE2EFlow.verifyThatUserAbleToLaunchApplication(IntegrationE2EFlow.java:78)
	at java.util.concurrent.FutureTask.run(FutureTask.java:266)
	at java.util.concurrent.ThreadPoolExecutor.runWorker(ThreadPoolExecutor.java:1149)
	at java.util.concurrent.ThreadPoolExecutor$Worker.run(ThreadPoolExecutor.java:624)
	at java.lang.Thread.run(Thread.java:748)
... Removed 31 stack frames]]>
    </failure>
  </testcase> <!-- verifyThatUserAbleToLaunchApplication -->
</testsuite> <!-- DEMO_E2E -->
