-------------------------------------------------------------------------------
Test set: TestSuite
-------------------------------------------------------------------------------
Tests run: 2, Failures: 1, Errors: 0, Skipped: 1, Time elapsed: 27.631 sec <<< FAILURE! - in TestSuite
verifyThatUserAbleToLaunchApplication(com.prime.tests.FPJ.IntegrationE2EFlow)  Time elapsed: 9.645 sec  <<< FAILURE!
java.lang.IllegalStateException: 
Cannot parse content to class com.prime.pojo.login.LoginUserAccessResponse because no content-type was present in the response and no default parser has been set.
You can specify a default parser using e.g.:
RestAssured.defaultParser = Parser.JSON;

or you can specify an explicit ObjectMapper using as(class com.prime.pojo.login.LoginUserAccessResponse, <ObjectMapper>);
	at com.prime.tests.FPJ.IntegrationE2EFlow.verifyThatUserAbleToLaunchApplication(IntegrationE2EFlow.java:78)

