<?xml version="1.0" encoding="UTF-8"?>
<testng-results skipped="1" failed="1" ignored="0" total="3" passed="1">
  <reporter-output>
  </reporter-output>
  <suite name="PRIMEFPJ Regression Suite" duration-ms="0" started-at="2024-07-17T07:47:12Z" finished-at="2024-07-17T07:47:12Z">
    <groups>
    </groups>
  </suite> <!-- PRIMEFPJ Regression Suite -->
  <suite name="MultiApplicationSuite" duration-ms="38036" started-at="2024-07-17T07:46:33Z" finished-at="2024-07-17T07:47:11Z">
    <groups>
      <group name="fpj">
        <method signature="CitationTest.verifyCitationButonAvailableAndPreviewExportCitationPopUpWillBeDisplayedWhenClickedOnIt()[pri:0, instance:com.prime.tests.E2E.CitationTest@313b2ea6]" name="verifyCitationButonAvailableAndPreviewExportCitationPopUpWillBeDisplayedWhenClickedOnIt" class="com.prime.tests.E2E.CitationTest"/>
      </group> <!-- fpj -->
      <group name="astmh">
        <method signature="AddCiteddByTest.VerifyThattheAddCitedByFunctionality()[pri:0, instance:com.prime.tests.E2E.AddCiteddByTest@3e96bacf]" name="VerifyThattheAddCitedByFunctionality" class="com.prime.tests.E2E.AddCiteddByTest"/>
      </group> <!-- astmh -->
    </groups>
    <test name="CITATION_E2E" duration-ms="36373" started-at="2024-07-17T07:46:33Z" finished-at="2024-07-17T07:47:10Z">
      <class name="com.prime.tests.E2E.CitationTest">
        <test-method status="PASS" signature="loadConfigurationValues(org.testng.ITestContext)[pri:0, instance:com.prime.tests.E2E.CitationTest@313b2ea6]" name="loadConfigurationValues" is-config="true" duration-ms="2" started-at="2024-07-17T13:16:33Z" finished-at="2024-07-17T13:16:33Z">
          <params>
            <param index="0">
              <value>
                <![CDATA[org.testng.TestRunner@38eb2c50]]>
              </value>
            </param>
          </params>
          <reporter-output>
          </reporter-output>
        </test-method> <!-- loadConfigurationValues -->
        <test-method status="PASS" signature="setUp(java.lang.String, java.lang.String, java.lang.String, java.lang.String, java.lang.reflect.Method)[pri:0, instance:com.prime.tests.E2E.CitationTest@313b2ea6]" name="setUp" is-config="true" duration-ms="2123" started-at="2024-07-17T13:16:33Z" finished-at="2024-07-17T13:16:35Z">
          <params>
            <param index="0">
              <value>
                <![CDATA[chrome]]>
              </value>
            </param>
            <param index="1">
              <value is-null="true"/>
            </param>
            <param index="2">
              <value is-null="true"/>
            </param>
            <param index="3">
              <value is-null="true"/>
            </param>
            <param index="4">
              <value>
                <![CDATA[public void com.prime.tests.E2E.CitationTest.verifyCitationButonAvailableAndPreviewExportCitationPopUpWillBeDisplayedWhenClickedOnIt() throws java.lang.Exception]]>
              </value>
            </param>
          </params>
          <reporter-output>
          </reporter-output>
        </test-method> <!-- setUp -->
        <test-method status="PASS" signature="verifyCitationButonAvailableAndPreviewExportCitationPopUpWillBeDisplayedWhenClickedOnIt()[pri:0, instance:com.prime.tests.E2E.CitationTest@313b2ea6]" name="verifyCitationButonAvailableAndPreviewExportCitationPopUpWillBeDisplayedWhenClickedOnIt" duration-ms="32946" started-at="2024-07-17T13:16:35Z" description="1721296  - Verify that the cite button available on current content page and  Preview/Export citation pop up will be displayed when clicked on it" finished-at="2024-07-17T13:17:08Z">
          <reporter-output>
          </reporter-output>
        </test-method> <!-- verifyCitationButonAvailableAndPreviewExportCitationPopUpWillBeDisplayedWhenClickedOnIt -->
        <test-method status="PASS" signature="closeApplication(java.lang.String)[pri:0, instance:com.prime.tests.E2E.CitationTest@313b2ea6]" name="closeApplication" is-config="true" duration-ms="1287" started-at="2024-07-17T13:17:08Z" finished-at="2024-07-17T13:17:10Z">
          <params>
            <param index="0">
              <value>
                <![CDATA[1721296]]>
              </value>
            </param>
          </params>
          <reporter-output>
          </reporter-output>
        </test-method> <!-- closeApplication -->
      </class> <!-- com.prime.tests.E2E.CitationTest -->
    </test> <!-- CITATION_E2E -->
    <test name="ADD_CITED_BY_E2E" duration-ms="1648" started-at="2024-07-17T07:47:10Z" finished-at="2024-07-17T07:47:11Z">
      <class name="com.prime.tests.E2E.AddCiteddByTest">
        <test-method status="PASS" signature="establishConnection(org.testng.ITestContext)[pri:0, instance:com.prime.tests.E2E.AddCiteddByTest@3e96bacf]" name="establishConnection" is-config="true" duration-ms="25" started-at="2024-07-17T13:16:33Z" finished-at="2024-07-17T13:16:33Z">
          <params>
            <param index="0">
              <value>
                <![CDATA[org.testng.TestRunner@26a2f7f9]]>
              </value>
            </param>
          </params>
          <reporter-output>
          </reporter-output>
        </test-method> <!-- establishConnection -->
        <test-method status="PASS" signature="loadConfigurationValues(org.testng.ITestContext)[pri:0, instance:com.prime.tests.E2E.AddCiteddByTest@3e96bacf]" name="loadConfigurationValues" is-config="true" duration-ms="16" started-at="2024-07-17T13:17:10Z" finished-at="2024-07-17T13:17:10Z">
          <params>
            <param index="0">
              <value>
                <![CDATA[org.testng.TestRunner@26a2f7f9]]>
              </value>
            </param>
          </params>
          <reporter-output>
          </reporter-output>
        </test-method> <!-- loadConfigurationValues -->
        <test-method status="PASS" signature="setUp(java.lang.String, java.lang.String, java.lang.String, java.lang.String, java.lang.reflect.Method)[pri:0, instance:com.prime.tests.E2E.AddCiteddByTest@3e96bacf]" name="setUp" is-config="true" duration-ms="0" started-at="2024-07-17T13:17:10Z" finished-at="2024-07-17T13:17:10Z">
          <params>
            <param index="0">
              <value>
                <![CDATA[chrome]]>
              </value>
            </param>
            <param index="1">
              <value is-null="true"/>
            </param>
            <param index="2">
              <value is-null="true"/>
            </param>
            <param index="3">
              <value is-null="true"/>
            </param>
            <param index="4">
              <value>
                <![CDATA[public void com.prime.tests.E2E.AddCiteddByTest.VerifyThattheAddCitedByFunctionality() throws java.lang.Exception]]>
              </value>
            </param>
          </params>
          <reporter-output>
          </reporter-output>
        </test-method> <!-- setUp -->
        <test-method status="SKIP" signature="VerifyThattheAddCitedByFunctionality()[pri:0, instance:com.prime.tests.E2E.AddCiteddByTest@3e96bacf]" name="VerifyThattheAddCitedByFunctionality" duration-ms="22" started-at="2024-07-17T13:17:10Z" description="104  - Verify that the Add Cited By Functionality" finished-at="2024-07-17T13:17:10Z">
          <exception class="java.lang.NullPointerException">
            <full-stacktrace>
              <![CDATA[java.lang.NullPointerException
	at com.prime.generics.Helper.closeNewTab(Helper.java:1490)
	at com.prime.tests.E2E.AddCiteddByTest.VerifyThattheAddCitedByFunctionality(AddCiteddByTest.java:116)
	at sun.reflect.NativeMethodAccessorImpl.invoke0(Native Method)
	at sun.reflect.NativeMethodAccessorImpl.invoke(NativeMethodAccessorImpl.java:62)
	at sun.reflect.DelegatingMethodAccessorImpl.invoke(DelegatingMethodAccessorImpl.java:43)
	at java.lang.reflect.Method.invoke(Method.java:498)
	at org.testng.internal.MethodInvocationHelper.invokeMethod(MethodInvocationHelper.java:104)
	at org.testng.internal.Invoker.invokeMethod(Invoker.java:645)
	at org.testng.internal.Invoker.invokeTestMethod(Invoker.java:851)
	at org.testng.internal.Invoker.invokeTestMethods(Invoker.java:1177)
	at org.testng.internal.TestMethodWorker.invokeTestMethods(TestMethodWorker.java:129)
	at org.testng.internal.TestMethodWorker.run(TestMethodWorker.java:112)
	at org.testng.TestRunner.privateRun(TestRunner.java:756)
	at org.testng.TestRunner.run(TestRunner.java:610)
	at org.testng.SuiteRunner.runTest(SuiteRunner.java:387)
	at org.testng.SuiteRunner.runSequentially(SuiteRunner.java:382)
	at org.testng.SuiteRunner.privateRun(SuiteRunner.java:340)
	at org.testng.SuiteRunner.run(SuiteRunner.java:289)
	at org.testng.SuiteRunnerWorker.runSuite(SuiteRunnerWorker.java:52)
	at org.testng.SuiteRunnerWorker.run(SuiteRunnerWorker.java:86)
	at org.testng.TestNG.runSuitesSequentially(TestNG.java:1293)
	at org.testng.TestNG.runSuitesSequentially(TestNG.java:1289)
	at org.testng.TestNG.runSuitesLocally(TestNG.java:1218)
	at org.testng.TestNG.runSuites(TestNG.java:1133)
	at org.testng.TestNG.run(TestNG.java:1104)
	at org.apache.maven.surefire.testng.TestNGExecutor.run(TestNGExecutor.java:281)
	at org.apache.maven.surefire.testng.TestNGXmlTestSuite.execute(TestNGXmlTestSuite.java:75)
	at org.apache.maven.surefire.testng.TestNGProvider.invoke(TestNGProvider.java:121)
	at org.apache.maven.surefire.booter.ForkedBooter.invokeProviderInSameClassLoader(ForkedBooter.java:290)
	at org.apache.maven.surefire.booter.ForkedBooter.runSuitesInProcess(ForkedBooter.java:242)
	at org.apache.maven.surefire.booter.ForkedBooter.main(ForkedBooter.java:121)
]]>
            </full-stacktrace>
          </exception> <!-- java.lang.NullPointerException -->
          <reporter-output>
          </reporter-output>
        </test-method> <!-- VerifyThattheAddCitedByFunctionality -->
        <test-method status="PASS" signature="closeApplication(java.lang.String)[pri:0, instance:com.prime.tests.E2E.AddCiteddByTest@3e96bacf]" name="closeApplication" is-config="true" duration-ms="1042" started-at="2024-07-17T13:17:10Z" finished-at="2024-07-17T13:17:11Z">
          <params>
            <param index="0">
              <value>
                <![CDATA[104]]>
              </value>
            </param>
          </params>
          <reporter-output>
          </reporter-output>
        </test-method> <!-- closeApplication -->
        <test-method status="PASS" signature="setUp(java.lang.String, java.lang.String, java.lang.String, java.lang.String, java.lang.reflect.Method)[pri:0, instance:com.prime.tests.E2E.AddCiteddByTest@3e96bacf]" name="setUp" is-config="true" duration-ms="3" started-at="2024-07-17T13:17:11Z" finished-at="2024-07-17T13:17:11Z">
          <params>
            <param index="0">
              <value>
                <![CDATA[chrome]]>
              </value>
            </param>
            <param index="1">
              <value is-null="true"/>
            </param>
            <param index="2">
              <value is-null="true"/>
            </param>
            <param index="3">
              <value is-null="true"/>
            </param>
            <param index="4">
              <value>
                <![CDATA[public void com.prime.tests.E2E.AddCiteddByTest.VerifyThattheAddCitedByFunctionality() throws java.lang.Exception]]>
              </value>
            </param>
          </params>
          <reporter-output>
          </reporter-output>
        </test-method> <!-- setUp -->
        <test-method status="FAIL" signature="VerifyThattheAddCitedByFunctionality()[pri:0, instance:com.prime.tests.E2E.AddCiteddByTest@3e96bacf]" name="VerifyThattheAddCitedByFunctionality" duration-ms="9" started-at="2024-07-17T13:17:11Z" description="104  - Verify that the Add Cited By Functionality" finished-at="2024-07-17T13:17:11Z">
          <exception class="java.lang.NullPointerException">
            <full-stacktrace>
              <![CDATA[java.lang.NullPointerException
	at com.prime.generics.Helper.closeNewTab(Helper.java:1490)
	at com.prime.tests.E2E.AddCiteddByTest.VerifyThattheAddCitedByFunctionality(AddCiteddByTest.java:116)
	at sun.reflect.NativeMethodAccessorImpl.invoke0(Native Method)
	at sun.reflect.NativeMethodAccessorImpl.invoke(NativeMethodAccessorImpl.java:62)
	at sun.reflect.DelegatingMethodAccessorImpl.invoke(DelegatingMethodAccessorImpl.java:43)
	at java.lang.reflect.Method.invoke(Method.java:498)
	at org.testng.internal.MethodInvocationHelper.invokeMethod(MethodInvocationHelper.java:104)
	at org.testng.internal.Invoker.invokeMethod(Invoker.java:645)
	at org.testng.internal.Invoker.retryFailed(Invoker.java:998)
	at org.testng.internal.Invoker.invokeTestMethods(Invoker.java:1200)
	at org.testng.internal.TestMethodWorker.invokeTestMethods(TestMethodWorker.java:129)
	at org.testng.internal.TestMethodWorker.run(TestMethodWorker.java:112)
	at org.testng.TestRunner.privateRun(TestRunner.java:756)
	at org.testng.TestRunner.run(TestRunner.java:610)
	at org.testng.SuiteRunner.runTest(SuiteRunner.java:387)
	at org.testng.SuiteRunner.runSequentially(SuiteRunner.java:382)
	at org.testng.SuiteRunner.privateRun(SuiteRunner.java:340)
	at org.testng.SuiteRunner.run(SuiteRunner.java:289)
	at org.testng.SuiteRunnerWorker.runSuite(SuiteRunnerWorker.java:52)
	at org.testng.SuiteRunnerWorker.run(SuiteRunnerWorker.java:86)
	at org.testng.TestNG.runSuitesSequentially(TestNG.java:1293)
	at org.testng.TestNG.runSuitesSequentially(TestNG.java:1289)
	at org.testng.TestNG.runSuitesLocally(TestNG.java:1218)
	at org.testng.TestNG.runSuites(TestNG.java:1133)
	at org.testng.TestNG.run(TestNG.java:1104)
	at org.apache.maven.surefire.testng.TestNGExecutor.run(TestNGExecutor.java:281)
	at org.apache.maven.surefire.testng.TestNGXmlTestSuite.execute(TestNGXmlTestSuite.java:75)
	at org.apache.maven.surefire.testng.TestNGProvider.invoke(TestNGProvider.java:121)
	at org.apache.maven.surefire.booter.ForkedBooter.invokeProviderInSameClassLoader(ForkedBooter.java:290)
	at org.apache.maven.surefire.booter.ForkedBooter.runSuitesInProcess(ForkedBooter.java:242)
	at org.apache.maven.surefire.booter.ForkedBooter.main(ForkedBooter.java:121)
]]>
            </full-stacktrace>
          </exception> <!-- java.lang.NullPointerException -->
          <reporter-output>
          </reporter-output>
        </test-method> <!-- VerifyThattheAddCitedByFunctionality -->
        <test-method status="PASS" signature="closeApplication(java.lang.String)[pri:0, instance:com.prime.tests.E2E.AddCiteddByTest@3e96bacf]" name="closeApplication" is-config="true" duration-ms="547" started-at="2024-07-17T13:17:11Z" finished-at="2024-07-17T13:17:11Z">
          <params>
            <param index="0">
              <value>
                <![CDATA[104]]>
              </value>
            </param>
          </params>
          <reporter-output>
          </reporter-output>
        </test-method> <!-- closeApplication -->
        <test-method status="PASS" signature="closeDriver()[pri:0, instance:com.prime.tests.E2E.AddCiteddByTest@3e96bacf]" name="closeDriver" is-config="true" duration-ms="904" started-at="2024-07-17T13:17:11Z" finished-at="2024-07-17T13:17:12Z">
          <reporter-output>
          </reporter-output>
        </test-method> <!-- closeDriver -->
      </class> <!-- com.prime.tests.E2E.AddCiteddByTest -->
    </test> <!-- ADD_CITED_BY_E2E -->
  </suite> <!-- MultiApplicationSuite -->
</testng-results>
