<?xml version="1.0" encoding="UTF-8"?>
<!-- Generated by org.testng.reporters.JUnitXMLReporter -->
<testsuite ignored="2" hostname="XINMBDL871M" failures="0" tests="0" time="0.01" errors="0" timestamp="2023-03-18T08:30:04 IST">
  <testcase classname="com.sheridan.select.tests.sds.JournalsPodPlaceOrderTest" name="VerifytheTransactionStatusOrderStatusItemStatusforJournaltransactionwithmultipleorderswithmultipleproductdisplay" time="0.0">
    <ignored/>
  </testcase> <!-- VerifytheTransactionStatusOrderStatusItemStatusforJournaltransactionwithmultipleorderswithmultipleproductdisplay -->
  <testcase classname="com.sheridan.select.tests.sds.JournalsPodPlaceOrderTest" name="verifyShippingDetailsNotDisplayedUnderOrderOptionsSectionInOrderSummaryPageJOURNALUSADDRESS" time="0.0">
    <ignored/>
  </testcase> <!-- verifyShippingDetailsNotDisplayedUnderOrderOptionsSectionInOrderSummaryPageJOURNALUSADDRESS -->
</testsuite>
