<?xml version="1.0" encoding="UTF-8"?>
<!-- Generated by org.testng.reporters.JUnitXMLReporter -->
<testsuite ignored="1" hostname="XINMBDL871M" failures="0" tests="1" name="Journals Pod Place Order" time="243.701" errors="0" timestamp="2023-04-08T07:25:44 IST">
  <testcase classname="com.sheridan.select.tests.sds.JournalsPodPlaceOrderTest" name="verifyShippingDetailsNotDisplayedUnderOrderOptionsSectionInOrderSummaryPageJOURNALUSADDRESS" time="239.554"/>
  <testcase classname="com.sheridan.select.tests.sds.JournalsPodPlaceOrderTest" name="VerifytheTransactionStatusOrderStatusItemStatusforJournaltransactionwithmultipleorderswithmultipleproductdisplay" time="0.0">
    <ignored/>
  </testcase> <!-- VerifytheTransactionStatusOrderStatusItemStatusforJournaltransactionwithmultipleorderswithmultipleproductdisplay -->
</testsuite> <!-- Journals Pod Place Order -->
