<?xml version="1.0" encoding="UTF-8"?>
<testng-results ignored="0" total="15" passed="15" failed="0" skipped="0">
  <reporter-output>
  </reporter-output>
  <suite started-at="2023-11-07T18:51:07 IST" name="PRIMEFPJ Regression Suite" finished-at="2023-11-07T18:51:07 IST" duration-ms="0">
    <groups>
    </groups>
  </suite> <!-- PRIMEFPJ Regression Suite -->
  <suite started-at="2023-11-07T18:43:07 IST" name="Prime Automation E2E Suite" finished-at="2023-11-07T18:51:06 IST" duration-ms="478878">
    <groups>
      <group name="Search Functionality">
        <method signature="SearchFunctionalityTest.VerifyPpaginationAndSortingOptionsIntheSearchResultsPage()[pri:0, instance:com.prime.tests.E2E.SearchFunctionalityTest@2a62b5bc]" name="VerifyPpaginationAndSortingOptionsIntheSearchResultsPage" class="com.prime.tests.E2E.SearchFunctionalityTest"/>
        <method signature="SearchFunctionalityTest.VerifyRefineByDateSectionAndThatSearchBoxIsAccessibleInAllPages()[pri:0, instance:com.prime.tests.E2E.SearchFunctionalityTest@2a62b5bc]" name="VerifyRefineByDateSectionAndThatSearchBoxIsAccessibleInAllPages" class="com.prime.tests.E2E.SearchFunctionalityTest"/>
        <method signature="SearchFunctionalityTest.VerifySearchPageTopPanel()[pri:0, instance:com.prime.tests.E2E.SearchFunctionalityTest@2a62b5bc]" name="VerifySearchPageTopPanel" class="com.prime.tests.E2E.SearchFunctionalityTest"/>
        <method signature="SearchFunctionalityTest.VerifyThatSsearchResultsDetailsToolbarOptionsSaveOptionsAreAsExpected()[pri:0, instance:com.prime.tests.E2E.SearchFunctionalityTest@2a62b5bc]" name="VerifyThatSsearchResultsDetailsToolbarOptionsSaveOptionsAreAsExpected" class="com.prime.tests.E2E.SearchFunctionalityTest"/>
        <method signature="SearchFunctionalityTest.VerifyThatTheAppropriateResultIsDisplayedWhenUserSelectTheArticleTypeFilterAndAccessTypeFilterFromIndexCard()[pri:0, instance:com.prime.tests.E2E.SearchFunctionalityTest@2a62b5bc]" name="VerifyThatTheAppropriateResultIsDisplayedWhenUserSelectTheArticleTypeFilterAndAccessTypeFilterFromIndexCard" class="com.prime.tests.E2E.SearchFunctionalityTest"/>
        <method signature="SearchFunctionalityTest.VerifyThatTheVariousShareButtonFeatures()[pri:0, instance:com.prime.tests.E2E.SearchFunctionalityTest@2a62b5bc]" name="VerifyThatTheVariousShareButtonFeatures" class="com.prime.tests.E2E.SearchFunctionalityTest"/>
        <method signature="SearchFunctionalityTest.VerifyUserIsAbleToPerformSearchWithTheCombinationOfRefineTermsByAddingClearingRemovingMoreThanOneRows()[pri:0, instance:com.prime.tests.E2E.SearchFunctionalityTest@2a62b5bc]" name="VerifyUserIsAbleToPerformSearchWithTheCombinationOfRefineTermsByAddingClearingRemovingMoreThanOneRows" class="com.prime.tests.E2E.SearchFunctionalityTest"/>
        <method signature="SearchFunctionalityTest.VerifyVariousRefineTermsInTheSearchResultsPage()[pri:0, instance:com.prime.tests.E2E.SearchFunctionalityTest@2a62b5bc]" name="VerifyVariousRefineTermsInTheSearchResultsPage" class="com.prime.tests.E2E.SearchFunctionalityTest"/>
      </group> <!-- Search Functionality -->
      <group name="Discovery Widget">
        <method signature="DiscoveryWidgetTest.VerifyGoogleScholarButtonFeatures()[pri:0, instance:com.prime.tests.E2E.DiscoveryWidgetTest@388526fb]" name="VerifyGoogleScholarButtonFeatures" class="com.prime.tests.E2E.DiscoveryWidgetTest"/>
        <method signature="DiscoveryWidgetTest.VerifyPubMedButtonFeaturesAndAlmetricPageFeatures()[pri:0, instance:com.prime.tests.E2E.DiscoveryWidgetTest@388526fb]" name="VerifyPubMedButtonFeaturesAndAlmetricPageFeatures" class="com.prime.tests.E2E.DiscoveryWidgetTest"/>
        <method signature="DiscoveryWidgetTest.VerifyVariousEmailButtonFeatures()[pri:0, instance:com.prime.tests.E2E.DiscoveryWidgetTest@388526fb]" name="VerifyVariousEmailButtonFeatures" class="com.prime.tests.E2E.DiscoveryWidgetTest"/>
      </group> <!-- Discovery Widget -->
      <group name="TOC Functionality">
        <method signature="ToCFunctionalityTest.VerifyJournalToCFeatures()[pri:0, instance:com.prime.tests.E2E.ToCFunctionalityTest@7b94089b]" name="VerifyJournalToCFeatures" class="com.prime.tests.E2E.ToCFunctionalityTest"/>
      </group> <!-- TOC Functionality -->
      <group name="SignIn">
        <method signature="IntegrationE2EFlow.verifyThatUserAbleToLaunchApplication()[pri:0, instance:com.prime.tests.E2E.IntegrationE2EFlow@27eedb64]" name="verifyThatUserAbleToLaunchApplication" class="com.prime.tests.E2E.IntegrationE2EFlow"/>
        <method signature="UnAuthenticatedViewCheckPagesFlow.verifyThatViewPagesDisplayed()[pri:0, instance:com.prime.tests.E2E.UnAuthenticatedViewCheckPagesFlow@42039326]" name="verifyThatViewPagesDisplayed" class="com.prime.tests.E2E.UnAuthenticatedViewCheckPagesFlow"/>
      </group> <!-- SignIn -->
      <group name="Citation">
        <method signature="CitationTest.verifyCitationButonAvailableAndPreviewExportCitationPopUpWillBeDisplayedWhenClickedOnIt()[pri:0, instance:com.prime.tests.E2E.CitationTest@48e92c5c]" name="verifyCitationButonAvailableAndPreviewExportCitationPopUpWillBeDisplayedWhenClickedOnIt" class="com.prime.tests.E2E.CitationTest"/>
      </group> <!-- Citation -->
    </groups>
    <test started-at="2023-11-07T18:43:07 IST" name="JOURNAL_HOME_E2E" finished-at="2023-11-07T18:43:45 IST" duration-ms="37964">
      <class name="com.prime.tests.E2E.UnAuthenticatedViewCheckPagesFlow">
        <test-method is-config="true" signature="loadConfigurationValues(org.testng.ITestContext)[pri:0, instance:com.prime.tests.E2E.UnAuthenticatedViewCheckPagesFlow@42039326]" started-at="2023-11-07T18:43:08 IST" name="loadConfigurationValues" finished-at="2023-11-07T18:43:08 IST" duration-ms="4" status="PASS">
          <params>
            <param index="0">
              <value>
                <![CDATA[org.testng.TestRunner@366ac49b]]>
              </value>
            </param>
          </params>
          <reporter-output>
          </reporter-output>
        </test-method> <!-- loadConfigurationValues -->
        <test-method is-config="true" signature="setUp(java.lang.String,java.lang.String,java.lang.String,java.lang.String,java.lang.reflect.Method)[pri:0, instance:com.prime.tests.E2E.UnAuthenticatedViewCheckPagesFlow@42039326]" started-at="2023-11-07T18:43:08 IST" name="setUp" finished-at="2023-11-07T18:43:12 IST" duration-ms="4068" status="PASS">
          <params>
            <param index="0">
              <value>
                <![CDATA[chrome]]>
              </value>
            </param>
            <param index="1">
              <value is-null="true"/>
            </param>
            <param index="2">
              <value is-null="true"/>
            </param>
            <param index="3">
              <value is-null="true"/>
            </param>
            <param index="4">
              <value>
                <![CDATA[public void com.prime.tests.E2E.UnAuthenticatedViewCheckPagesFlow.verifyThatViewPagesDisplayed() throws java.lang.Exception]]>
              </value>
            </param>
          </params>
          <reporter-output>
          </reporter-output>
        </test-method> <!-- setUp -->
        <test-method signature="verifyThatViewPagesDisplayed()[pri:0, instance:com.prime.tests.E2E.UnAuthenticatedViewCheckPagesFlow@42039326]" started-at="2023-11-07T18:43:12 IST" name="verifyThatViewPagesDisplayed" description="1721285 - Verify Journal pages" finished-at="2023-11-07T18:43:43 IST" duration-ms="31193" status="PASS">
          <reporter-output>
          </reporter-output>
        </test-method> <!-- verifyThatViewPagesDisplayed -->
        <test-method is-config="true" signature="closeApplication(java.lang.String)[pri:0, instance:com.prime.tests.E2E.UnAuthenticatedViewCheckPagesFlow@42039326]" started-at="2023-11-07T18:43:43 IST" name="closeApplication" finished-at="2023-11-07T18:43:45 IST" duration-ms="2550" status="PASS">
          <params>
            <param index="0">
              <value is-null="true"/>
            </param>
          </params>
          <reporter-output>
          </reporter-output>
        </test-method> <!-- closeApplication -->
      </class> <!-- com.prime.tests.E2E.UnAuthenticatedViewCheckPagesFlow -->
    </test> <!-- JOURNAL_HOME_E2E -->
    <test started-at="2023-11-07T18:43:07 IST" name="JOURNAL_TOC" finished-at="2023-11-07T18:43:58 IST" duration-ms="50475">
      <class name="com.prime.tests.E2E.ToCFunctionalityTest">
        <test-method is-config="true" signature="loadConfigurationValues(org.testng.ITestContext)[pri:0, instance:com.prime.tests.E2E.ToCFunctionalityTest@7b94089b]" started-at="2023-11-07T18:43:08 IST" name="loadConfigurationValues" finished-at="2023-11-07T18:43:08 IST" duration-ms="4" status="PASS">
          <params>
            <param index="0">
              <value>
                <![CDATA[org.testng.TestRunner@44b3606b]]>
              </value>
            </param>
          </params>
          <reporter-output>
          </reporter-output>
        </test-method> <!-- loadConfigurationValues -->
        <test-method is-config="true" signature="setUp(java.lang.String,java.lang.String,java.lang.String,java.lang.String,java.lang.reflect.Method)[pri:0, instance:com.prime.tests.E2E.ToCFunctionalityTest@7b94089b]" started-at="2023-11-07T18:43:08 IST" name="setUp" finished-at="2023-11-07T18:43:11 IST" duration-ms="3943" status="PASS">
          <params>
            <param index="0">
              <value>
                <![CDATA[chrome]]>
              </value>
            </param>
            <param index="1">
              <value is-null="true"/>
            </param>
            <param index="2">
              <value is-null="true"/>
            </param>
            <param index="3">
              <value is-null="true"/>
            </param>
            <param index="4">
              <value>
                <![CDATA[public void com.prime.tests.E2E.ToCFunctionalityTest.VerifyJournalToCFeatures() throws java.lang.Exception]]>
              </value>
            </param>
          </params>
          <reporter-output>
          </reporter-output>
        </test-method> <!-- setUp -->
        <test-method signature="VerifyJournalToCFeatures()[pri:0, instance:com.prime.tests.E2E.ToCFunctionalityTest@7b94089b]" started-at="2023-11-07T18:43:12 IST" name="VerifyJournalToCFeatures" description="64 - Verify Journal ToC features" finished-at="2023-11-07T18:43:56 IST" duration-ms="44389" status="PASS">
          <reporter-output>
          </reporter-output>
        </test-method> <!-- VerifyJournalToCFeatures -->
        <test-method is-config="true" signature="closeApplication(java.lang.String)[pri:0, instance:com.prime.tests.E2E.ToCFunctionalityTest@7b94089b]" started-at="2023-11-07T18:43:56 IST" name="closeApplication" finished-at="2023-11-07T18:43:58 IST" duration-ms="1895" status="PASS">
          <params>
            <param index="0">
              <value is-null="true"/>
            </param>
          </params>
          <reporter-output>
          </reporter-output>
        </test-method> <!-- closeApplication -->
      </class> <!-- com.prime.tests.E2E.ToCFunctionalityTest -->
    </test> <!-- JOURNAL_TOC -->
    <test started-at="2023-11-07T18:43:07 IST" name="CITATION_E2E" finished-at="2023-11-07T18:44:05 IST" duration-ms="57475">
      <class name="com.prime.tests.E2E.CitationTest">
        <test-method is-config="true" signature="loadConfigurationValues(org.testng.ITestContext)[pri:0, instance:com.prime.tests.E2E.CitationTest@48e92c5c]" started-at="2023-11-07T18:43:08 IST" name="loadConfigurationValues" finished-at="2023-11-07T18:43:08 IST" duration-ms="3" status="PASS">
          <params>
            <param index="0">
              <value>
                <![CDATA[org.testng.TestRunner@1477089c]]>
              </value>
            </param>
          </params>
          <reporter-output>
          </reporter-output>
        </test-method> <!-- loadConfigurationValues -->
        <test-method is-config="true" signature="setUp(java.lang.String,java.lang.String,java.lang.String,java.lang.String,java.lang.reflect.Method)[pri:0, instance:com.prime.tests.E2E.CitationTest@48e92c5c]" started-at="2023-11-07T18:43:08 IST" name="setUp" finished-at="2023-11-07T18:43:12 IST" duration-ms="4006" status="PASS">
          <params>
            <param index="0">
              <value>
                <![CDATA[chrome]]>
              </value>
            </param>
            <param index="1">
              <value is-null="true"/>
            </param>
            <param index="2">
              <value is-null="true"/>
            </param>
            <param index="3">
              <value is-null="true"/>
            </param>
            <param index="4">
              <value>
                <![CDATA[public void com.prime.tests.E2E.CitationTest.verifyCitationButonAvailableAndPreviewExportCitationPopUpWillBeDisplayedWhenClickedOnIt() throws java.lang.Exception]]>
              </value>
            </param>
          </params>
          <reporter-output>
          </reporter-output>
        </test-method> <!-- setUp -->
        <test-method signature="verifyCitationButonAvailableAndPreviewExportCitationPopUpWillBeDisplayedWhenClickedOnIt()[pri:0, instance:com.prime.tests.E2E.CitationTest@48e92c5c]" started-at="2023-11-07T18:43:12 IST" name="verifyCitationButonAvailableAndPreviewExportCitationPopUpWillBeDisplayedWhenClickedOnIt" description="1721296  - Verify that the cite button available on current content page and  Preview/Export citation pop up will be displayed when clicked on it" finished-at="2023-11-07T18:44:04 IST" duration-ms="52321" status="PASS">
          <reporter-output>
          </reporter-output>
        </test-method> <!-- verifyCitationButonAvailableAndPreviewExportCitationPopUpWillBeDisplayedWhenClickedOnIt -->
        <test-method is-config="true" signature="closeApplication(java.lang.String)[pri:0, instance:com.prime.tests.E2E.CitationTest@48e92c5c]" started-at="2023-11-07T18:44:04 IST" name="closeApplication" finished-at="2023-11-07T18:44:05 IST" duration-ms="956" status="PASS">
          <params>
            <param index="0">
              <value is-null="true"/>
            </param>
          </params>
          <reporter-output>
          </reporter-output>
        </test-method> <!-- closeApplication -->
      </class> <!-- com.prime.tests.E2E.CitationTest -->
    </test> <!-- CITATION_E2E -->
    <test started-at="2023-11-07T18:43:07 IST" name="SEARCH_E2E" finished-at="2023-11-07T18:44:13 IST" duration-ms="65231">
      <class name="com.prime.tests.E2E.IntegrationE2EFlow">
        <test-method is-config="true" signature="loadConfigurationValues(org.testng.ITestContext)[pri:0, instance:com.prime.tests.E2E.IntegrationE2EFlow@27eedb64]" started-at="2023-11-07T18:43:08 IST" name="loadConfigurationValues" finished-at="2023-11-07T18:43:08 IST" duration-ms="4" status="PASS">
          <params>
            <param index="0">
              <value>
                <![CDATA[org.testng.TestRunner@663411de]]>
              </value>
            </param>
          </params>
          <reporter-output>
          </reporter-output>
        </test-method> <!-- loadConfigurationValues -->
        <test-method is-config="true" signature="setUp(java.lang.String,java.lang.String,java.lang.String,java.lang.String,java.lang.reflect.Method)[pri:0, instance:com.prime.tests.E2E.IntegrationE2EFlow@27eedb64]" started-at="2023-11-07T18:43:08 IST" name="setUp" finished-at="2023-11-07T18:43:12 IST" duration-ms="4082" status="PASS">
          <params>
            <param index="0">
              <value>
                <![CDATA[chrome]]>
              </value>
            </param>
            <param index="1">
              <value is-null="true"/>
            </param>
            <param index="2">
              <value is-null="true"/>
            </param>
            <param index="3">
              <value is-null="true"/>
            </param>
            <param index="4">
              <value>
                <![CDATA[public void com.prime.tests.E2E.IntegrationE2EFlow.verifyThatUserAbleToLaunchApplication() throws java.lang.Exception]]>
              </value>
            </param>
          </params>
          <reporter-output>
          </reporter-output>
        </test-method> <!-- setUp -->
        <test-method signature="verifyThatUserAbleToLaunchApplication()[pri:0, instance:com.prime.tests.E2E.IntegrationE2EFlow@27eedb64]" started-at="2023-11-07T18:43:12 IST" name="verifyThatUserAbleToLaunchApplication" description="1721284 - Verify that the user is able to do blank search and compare that the search results API is giving the same results" finished-at="2023-11-07T18:44:10 IST" duration-ms="58667" status="PASS">
          <reporter-output>
          </reporter-output>
        </test-method> <!-- verifyThatUserAbleToLaunchApplication -->
        <test-method is-config="true" signature="closeApplication(java.lang.String)[pri:0, instance:com.prime.tests.E2E.IntegrationE2EFlow@27eedb64]" started-at="2023-11-07T18:44:10 IST" name="closeApplication" finished-at="2023-11-07T18:44:13 IST" duration-ms="2370" status="PASS">
          <params>
            <param index="0">
              <value is-null="true"/>
            </param>
          </params>
          <reporter-output>
          </reporter-output>
        </test-method> <!-- closeApplication -->
      </class> <!-- com.prime.tests.E2E.IntegrationE2EFlow -->
    </test> <!-- SEARCH_E2E -->
    <test started-at="2023-11-07T18:43:07 IST" name="DISCOVERY_WIDGET" finished-at="2023-11-07T18:45:30 IST" duration-ms="142397">
      <class name="com.prime.tests.E2E.DiscoveryWidgetTest">
        <test-method is-config="true" signature="establishConnection(org.testng.ITestContext)[pri:0, instance:com.prime.tests.E2E.DiscoveryWidgetTest@388526fb]" started-at="2023-11-07T18:43:07 IST" name="establishConnection" finished-at="2023-11-07T18:43:07 IST" duration-ms="54" status="PASS">
          <params>
            <param index="0">
              <value>
                <![CDATA[org.testng.TestRunner@63dd899]]>
              </value>
            </param>
          </params>
          <reporter-output>
          </reporter-output>
        </test-method> <!-- establishConnection -->
        <test-method is-config="true" signature="loadConfigurationValues(org.testng.ITestContext)[pri:0, instance:com.prime.tests.E2E.DiscoveryWidgetTest@388526fb]" started-at="2023-11-07T18:43:08 IST" name="loadConfigurationValues" finished-at="2023-11-07T18:43:08 IST" duration-ms="3" status="PASS">
          <params>
            <param index="0">
              <value>
                <![CDATA[org.testng.TestRunner@63dd899]]>
              </value>
            </param>
          </params>
          <reporter-output>
          </reporter-output>
        </test-method> <!-- loadConfigurationValues -->
        <test-method is-config="true" signature="setUp(java.lang.String,java.lang.String,java.lang.String,java.lang.String,java.lang.reflect.Method)[pri:0, instance:com.prime.tests.E2E.DiscoveryWidgetTest@388526fb]" started-at="2023-11-07T18:43:08 IST" name="setUp" finished-at="2023-11-07T18:43:12 IST" duration-ms="4005" status="PASS">
          <params>
            <param index="0">
              <value>
                <![CDATA[chrome]]>
              </value>
            </param>
            <param index="1">
              <value is-null="true"/>
            </param>
            <param index="2">
              <value is-null="true"/>
            </param>
            <param index="3">
              <value is-null="true"/>
            </param>
            <param index="4">
              <value>
                <![CDATA[public void com.prime.tests.E2E.DiscoveryWidgetTest.VerifyGoogleScholarButtonFeatures() throws java.lang.Exception]]>
              </value>
            </param>
          </params>
          <reporter-output>
          </reporter-output>
        </test-method> <!-- setUp -->
        <test-method signature="VerifyGoogleScholarButtonFeatures()[pri:0, instance:com.prime.tests.E2E.DiscoveryWidgetTest@388526fb]" started-at="2023-11-07T18:43:12 IST" name="VerifyGoogleScholarButtonFeatures" description="66 - Verify Google Scholar Button features" finished-at="2023-11-07T18:43:49 IST" duration-ms="37703" status="PASS">
          <reporter-output>
          </reporter-output>
        </test-method> <!-- VerifyGoogleScholarButtonFeatures -->
        <test-method is-config="true" signature="closeApplication(java.lang.String)[pri:0, instance:com.prime.tests.E2E.DiscoveryWidgetTest@388526fb]" started-at="2023-11-07T18:43:49 IST" name="closeApplication" finished-at="2023-11-07T18:44:03 IST" duration-ms="13465" status="PASS">
          <params>
            <param index="0">
              <value is-null="true"/>
            </param>
          </params>
          <reporter-output>
          </reporter-output>
        </test-method> <!-- closeApplication -->
        <test-method is-config="true" signature="setUp(java.lang.String,java.lang.String,java.lang.String,java.lang.String,java.lang.reflect.Method)[pri:0, instance:com.prime.tests.E2E.DiscoveryWidgetTest@388526fb]" started-at="2023-11-07T18:44:03 IST" name="setUp" finished-at="2023-11-07T18:44:03 IST" duration-ms="2" status="PASS">
          <params>
            <param index="0">
              <value>
                <![CDATA[chrome]]>
              </value>
            </param>
            <param index="1">
              <value is-null="true"/>
            </param>
            <param index="2">
              <value is-null="true"/>
            </param>
            <param index="3">
              <value is-null="true"/>
            </param>
            <param index="4">
              <value>
                <![CDATA[public void com.prime.tests.E2E.DiscoveryWidgetTest.VerifyPubMedButtonFeaturesAndAlmetricPageFeatures() throws java.lang.Exception]]>
              </value>
            </param>
          </params>
          <reporter-output>
          </reporter-output>
        </test-method> <!-- setUp -->
        <test-method signature="VerifyPubMedButtonFeaturesAndAlmetricPageFeatures()[pri:0, instance:com.prime.tests.E2E.DiscoveryWidgetTest@388526fb]" started-at="2023-11-07T18:44:03 IST" name="VerifyPubMedButtonFeaturesAndAlmetricPageFeatures" description="67 - Verify PubMed button features and Almetric page features" finished-at="2023-11-07T18:44:31 IST" duration-ms="28590" status="PASS">
          <reporter-output>
          </reporter-output>
        </test-method> <!-- VerifyPubMedButtonFeaturesAndAlmetricPageFeatures -->
        <test-method is-config="true" signature="closeApplication(java.lang.String)[pri:0, instance:com.prime.tests.E2E.DiscoveryWidgetTest@388526fb]" started-at="2023-11-07T18:44:31 IST" name="closeApplication" finished-at="2023-11-07T18:44:33 IST" duration-ms="1937" status="PASS">
          <params>
            <param index="0">
              <value is-null="true"/>
            </param>
          </params>
          <reporter-output>
          </reporter-output>
        </test-method> <!-- closeApplication -->
        <test-method is-config="true" signature="setUp(java.lang.String,java.lang.String,java.lang.String,java.lang.String,java.lang.reflect.Method)[pri:0, instance:com.prime.tests.E2E.DiscoveryWidgetTest@388526fb]" started-at="2023-11-07T18:44:33 IST" name="setUp" finished-at="2023-11-07T18:44:33 IST" duration-ms="1" status="PASS">
          <params>
            <param index="0">
              <value>
                <![CDATA[chrome]]>
              </value>
            </param>
            <param index="1">
              <value is-null="true"/>
            </param>
            <param index="2">
              <value is-null="true"/>
            </param>
            <param index="3">
              <value is-null="true"/>
            </param>
            <param index="4">
              <value>
                <![CDATA[public void com.prime.tests.E2E.DiscoveryWidgetTest.VerifyVariousEmailButtonFeatures() throws java.lang.Exception]]>
              </value>
            </param>
          </params>
          <reporter-output>
          </reporter-output>
        </test-method> <!-- setUp -->
        <test-method signature="VerifyVariousEmailButtonFeatures()[pri:0, instance:com.prime.tests.E2E.DiscoveryWidgetTest@388526fb]" started-at="2023-11-07T18:44:33 IST" name="VerifyVariousEmailButtonFeatures" description="65 - Verify various Email button features" finished-at="2023-11-07T18:45:24 IST" duration-ms="50990" status="PASS">
          <reporter-output>
          </reporter-output>
        </test-method> <!-- VerifyVariousEmailButtonFeatures -->
        <test-method is-config="true" signature="closeApplication(java.lang.String)[pri:0, instance:com.prime.tests.E2E.DiscoveryWidgetTest@388526fb]" started-at="2023-11-07T18:45:24 IST" name="closeApplication" finished-at="2023-11-07T18:45:30 IST" duration-ms="5451" status="PASS">
          <params>
            <param index="0">
              <value is-null="true"/>
            </param>
          </params>
          <reporter-output>
          </reporter-output>
        </test-method> <!-- closeApplication -->
        <test-method is-config="true" signature="closeDriver()[pri:0, instance:com.prime.tests.E2E.DiscoveryWidgetTest@388526fb]" started-at="2023-11-07T18:51:06 IST" name="closeDriver" finished-at="2023-11-07T18:51:07 IST" duration-ms="816" status="PASS">
          <reporter-output>
          </reporter-output>
        </test-method> <!-- closeDriver -->
      </class> <!-- com.prime.tests.E2E.DiscoveryWidgetTest -->
    </test> <!-- DISCOVERY_WIDGET -->
    <test started-at="2023-11-07T18:43:07 IST" name="SEARCH_E2E_FULL" finished-at="2023-11-07T18:51:06 IST" duration-ms="478878">
      <class name="com.prime.tests.E2E.SearchFunctionalityTest">
        <test-method is-config="true" signature="loadConfigurationValues(org.testng.ITestContext)[pri:0, instance:com.prime.tests.E2E.SearchFunctionalityTest@2a62b5bc]" started-at="2023-11-07T18:43:08 IST" name="loadConfigurationValues" finished-at="2023-11-07T18:43:08 IST" duration-ms="4" status="PASS">
          <params>
            <param index="0">
              <value>
                <![CDATA[org.testng.TestRunner@59d2400d]]>
              </value>
            </param>
          </params>
          <reporter-output>
          </reporter-output>
        </test-method> <!-- loadConfigurationValues -->
        <test-method is-config="true" signature="setUp(java.lang.String,java.lang.String,java.lang.String,java.lang.String,java.lang.reflect.Method)[pri:0, instance:com.prime.tests.E2E.SearchFunctionalityTest@2a62b5bc]" started-at="2023-11-07T18:43:08 IST" name="setUp" finished-at="2023-11-07T18:43:11 IST" duration-ms="3955" status="PASS">
          <params>
            <param index="0">
              <value>
                <![CDATA[chrome]]>
              </value>
            </param>
            <param index="1">
              <value is-null="true"/>
            </param>
            <param index="2">
              <value is-null="true"/>
            </param>
            <param index="3">
              <value is-null="true"/>
            </param>
            <param index="4">
              <value>
                <![CDATA[public void com.prime.tests.E2E.SearchFunctionalityTest.VerifyPpaginationAndSortingOptionsIntheSearchResultsPage() throws java.lang.Exception]]>
              </value>
            </param>
          </params>
          <reporter-output>
          </reporter-output>
        </test-method> <!-- setUp -->
        <test-method signature="VerifyPpaginationAndSortingOptionsIntheSearchResultsPage()[pri:0, instance:com.prime.tests.E2E.SearchFunctionalityTest@2a62b5bc]" started-at="2023-11-07T18:43:12 IST" name="VerifyPpaginationAndSortingOptionsIntheSearchResultsPage" description="1722542 - Verify pagination and sorting options in the search results page" finished-at="2023-11-07T18:44:02 IST" duration-ms="50511" status="PASS">
          <reporter-output>
          </reporter-output>
        </test-method> <!-- VerifyPpaginationAndSortingOptionsIntheSearchResultsPage -->
        <test-method is-config="true" signature="closeApplication(java.lang.String)[pri:0, instance:com.prime.tests.E2E.SearchFunctionalityTest@2a62b5bc]" started-at="2023-11-07T18:44:02 IST" name="closeApplication" finished-at="2023-11-07T18:44:04 IST" duration-ms="2223" status="PASS">
          <params>
            <param index="0">
              <value is-null="true"/>
            </param>
          </params>
          <reporter-output>
          </reporter-output>
        </test-method> <!-- closeApplication -->
        <test-method is-config="true" signature="setUp(java.lang.String,java.lang.String,java.lang.String,java.lang.String,java.lang.reflect.Method)[pri:0, instance:com.prime.tests.E2E.SearchFunctionalityTest@2a62b5bc]" started-at="2023-11-07T18:44:04 IST" name="setUp" finished-at="2023-11-07T18:44:04 IST" duration-ms="0" status="PASS">
          <params>
            <param index="0">
              <value>
                <![CDATA[chrome]]>
              </value>
            </param>
            <param index="1">
              <value is-null="true"/>
            </param>
            <param index="2">
              <value is-null="true"/>
            </param>
            <param index="3">
              <value is-null="true"/>
            </param>
            <param index="4">
              <value>
                <![CDATA[public void com.prime.tests.E2E.SearchFunctionalityTest.VerifyRefineByDateSectionAndThatSearchBoxIsAccessibleInAllPages() throws java.lang.Exception]]>
              </value>
            </param>
          </params>
          <reporter-output>
          </reporter-output>
        </test-method> <!-- setUp -->
        <test-method signature="VerifyRefineByDateSectionAndThatSearchBoxIsAccessibleInAllPages()[pri:0, instance:com.prime.tests.E2E.SearchFunctionalityTest@2a62b5bc]" started-at="2023-11-07T18:44:04 IST" name="VerifyRefineByDateSectionAndThatSearchBoxIsAccessibleInAllPages" description="1722548 - Verify  Refine by Date Section and that search box is accessible in all pages" finished-at="2023-11-07T18:45:04 IST" duration-ms="59679" status="PASS">
          <reporter-output>
          </reporter-output>
        </test-method> <!-- VerifyRefineByDateSectionAndThatSearchBoxIsAccessibleInAllPages -->
        <test-method is-config="true" signature="closeApplication(java.lang.String)[pri:0, instance:com.prime.tests.E2E.SearchFunctionalityTest@2a62b5bc]" started-at="2023-11-07T18:45:04 IST" name="closeApplication" finished-at="2023-11-07T18:45:09 IST" duration-ms="4678" status="PASS">
          <params>
            <param index="0">
              <value is-null="true"/>
            </param>
          </params>
          <reporter-output>
          </reporter-output>
        </test-method> <!-- closeApplication -->
        <test-method is-config="true" signature="setUp(java.lang.String,java.lang.String,java.lang.String,java.lang.String,java.lang.reflect.Method)[pri:0, instance:com.prime.tests.E2E.SearchFunctionalityTest@2a62b5bc]" started-at="2023-11-07T18:45:09 IST" name="setUp" finished-at="2023-11-07T18:45:09 IST" duration-ms="0" status="PASS">
          <params>
            <param index="0">
              <value>
                <![CDATA[chrome]]>
              </value>
            </param>
            <param index="1">
              <value is-null="true"/>
            </param>
            <param index="2">
              <value is-null="true"/>
            </param>
            <param index="3">
              <value is-null="true"/>
            </param>
            <param index="4">
              <value>
                <![CDATA[public void com.prime.tests.E2E.SearchFunctionalityTest.VerifySearchPageTopPanel() throws java.lang.Exception]]>
              </value>
            </param>
          </params>
          <reporter-output>
          </reporter-output>
        </test-method> <!-- setUp -->
        <test-method signature="VerifySearchPageTopPanel()[pri:0, instance:com.prime.tests.E2E.SearchFunctionalityTest@2a62b5bc]" started-at="2023-11-07T18:45:09 IST" name="VerifySearchPageTopPanel" description="1722541 - Verify search page top panel" finished-at="2023-11-07T18:45:48 IST" duration-ms="38874" status="PASS">
          <reporter-output>
          </reporter-output>
        </test-method> <!-- VerifySearchPageTopPanel -->
        <test-method is-config="true" signature="closeApplication(java.lang.String)[pri:0, instance:com.prime.tests.E2E.SearchFunctionalityTest@2a62b5bc]" started-at="2023-11-07T18:45:48 IST" name="closeApplication" finished-at="2023-11-07T18:45:54 IST" duration-ms="6101" status="PASS">
          <params>
            <param index="0">
              <value is-null="true"/>
            </param>
          </params>
          <reporter-output>
          </reporter-output>
        </test-method> <!-- closeApplication -->
        <test-method is-config="true" signature="setUp(java.lang.String,java.lang.String,java.lang.String,java.lang.String,java.lang.reflect.Method)[pri:0, instance:com.prime.tests.E2E.SearchFunctionalityTest@2a62b5bc]" started-at="2023-11-07T18:45:54 IST" name="setUp" finished-at="2023-11-07T18:45:54 IST" duration-ms="1" status="PASS">
          <params>
            <param index="0">
              <value>
                <![CDATA[chrome]]>
              </value>
            </param>
            <param index="1">
              <value is-null="true"/>
            </param>
            <param index="2">
              <value is-null="true"/>
            </param>
            <param index="3">
              <value is-null="true"/>
            </param>
            <param index="4">
              <value>
                <![CDATA[public void com.prime.tests.E2E.SearchFunctionalityTest.VerifyThatSsearchResultsDetailsToolbarOptionsSaveOptionsAreAsExpected() throws java.lang.Exception]]>
              </value>
            </param>
          </params>
          <reporter-output>
          </reporter-output>
        </test-method> <!-- setUp -->
        <test-method signature="VerifyThatSsearchResultsDetailsToolbarOptionsSaveOptionsAreAsExpected()[pri:0, instance:com.prime.tests.E2E.SearchFunctionalityTest@2a62b5bc]" started-at="2023-11-07T18:45:54 IST" name="VerifyThatSsearchResultsDetailsToolbarOptionsSaveOptionsAreAsExpected" description="1722543 - Verify that  search results details , toolbar options , Save options are as expected" finished-at="2023-11-07T18:46:20 IST" duration-ms="26282" status="PASS">
          <reporter-output>
          </reporter-output>
        </test-method> <!-- VerifyThatSsearchResultsDetailsToolbarOptionsSaveOptionsAreAsExpected -->
        <test-method is-config="true" signature="closeApplication(java.lang.String)[pri:0, instance:com.prime.tests.E2E.SearchFunctionalityTest@2a62b5bc]" started-at="2023-11-07T18:46:20 IST" name="closeApplication" finished-at="2023-11-07T18:46:22 IST" duration-ms="2325" status="PASS">
          <params>
            <param index="0">
              <value is-null="true"/>
            </param>
          </params>
          <reporter-output>
          </reporter-output>
        </test-method> <!-- closeApplication -->
        <test-method is-config="true" signature="setUp(java.lang.String,java.lang.String,java.lang.String,java.lang.String,java.lang.reflect.Method)[pri:0, instance:com.prime.tests.E2E.SearchFunctionalityTest@2a62b5bc]" started-at="2023-11-07T18:46:22 IST" name="setUp" finished-at="2023-11-07T18:46:22 IST" duration-ms="0" status="PASS">
          <params>
            <param index="0">
              <value>
                <![CDATA[chrome]]>
              </value>
            </param>
            <param index="1">
              <value is-null="true"/>
            </param>
            <param index="2">
              <value is-null="true"/>
            </param>
            <param index="3">
              <value is-null="true"/>
            </param>
            <param index="4">
              <value>
                <![CDATA[public void com.prime.tests.E2E.SearchFunctionalityTest.VerifyThatTheAppropriateResultIsDisplayedWhenUserSelectTheArticleTypeFilterAndAccessTypeFilterFromIndexCard() throws java.lang.Exception]]>
              </value>
            </param>
          </params>
          <reporter-output>
          </reporter-output>
        </test-method> <!-- setUp -->
        <test-method signature="VerifyThatTheAppropriateResultIsDisplayedWhenUserSelectTheArticleTypeFilterAndAccessTypeFilterFromIndexCard()[pri:0, instance:com.prime.tests.E2E.SearchFunctionalityTest@2a62b5bc]" started-at="2023-11-07T18:46:22 IST" name="VerifyThatTheAppropriateResultIsDisplayedWhenUserSelectTheArticleTypeFilterAndAccessTypeFilterFromIndexCard" description="1722546 - Verify that the appropriate result is displayed when user select the Article type filter and access type filter from index card" finished-at="2023-11-07T18:47:04 IST" duration-ms="41560" status="PASS">
          <reporter-output>
          </reporter-output>
        </test-method> <!-- VerifyThatTheAppropriateResultIsDisplayedWhenUserSelectTheArticleTypeFilterAndAccessTypeFilterFromIndexCard -->
        <test-method is-config="true" signature="closeApplication(java.lang.String)[pri:0, instance:com.prime.tests.E2E.SearchFunctionalityTest@2a62b5bc]" started-at="2023-11-07T18:47:04 IST" name="closeApplication" finished-at="2023-11-07T18:47:15 IST" duration-ms="10664" status="PASS">
          <params>
            <param index="0">
              <value is-null="true"/>
            </param>
          </params>
          <reporter-output>
          </reporter-output>
        </test-method> <!-- closeApplication -->
        <test-method is-config="true" signature="setUp(java.lang.String,java.lang.String,java.lang.String,java.lang.String,java.lang.reflect.Method)[pri:0, instance:com.prime.tests.E2E.SearchFunctionalityTest@2a62b5bc]" started-at="2023-11-07T18:47:15 IST" name="setUp" finished-at="2023-11-07T18:47:15 IST" duration-ms="1" status="PASS">
          <params>
            <param index="0">
              <value>
                <![CDATA[chrome]]>
              </value>
            </param>
            <param index="1">
              <value is-null="true"/>
            </param>
            <param index="2">
              <value is-null="true"/>
            </param>
            <param index="3">
              <value is-null="true"/>
            </param>
            <param index="4">
              <value>
                <![CDATA[public void com.prime.tests.E2E.SearchFunctionalityTest.VerifyThatTheVariousShareButtonFeatures() throws java.lang.Exception]]>
              </value>
            </param>
          </params>
          <reporter-output>
          </reporter-output>
        </test-method> <!-- setUp -->
        <test-method signature="VerifyThatTheVariousShareButtonFeatures()[pri:0, instance:com.prime.tests.E2E.SearchFunctionalityTest@2a62b5bc]" started-at="2023-11-07T18:47:15 IST" name="VerifyThatTheVariousShareButtonFeatures" description="1722547 - Verify that the various Share button features." finished-at="2023-11-07T18:47:35 IST" duration-ms="19952" status="PASS">
          <reporter-output>
          </reporter-output>
        </test-method> <!-- VerifyThatTheVariousShareButtonFeatures -->
        <test-method is-config="true" signature="closeApplication(java.lang.String)[pri:0, instance:com.prime.tests.E2E.SearchFunctionalityTest@2a62b5bc]" started-at="2023-11-07T18:47:35 IST" name="closeApplication" finished-at="2023-11-07T18:47:45 IST" duration-ms="10589" status="PASS">
          <params>
            <param index="0">
              <value is-null="true"/>
            </param>
          </params>
          <reporter-output>
          </reporter-output>
        </test-method> <!-- closeApplication -->
        <test-method is-config="true" signature="setUp(java.lang.String,java.lang.String,java.lang.String,java.lang.String,java.lang.reflect.Method)[pri:0, instance:com.prime.tests.E2E.SearchFunctionalityTest@2a62b5bc]" started-at="2023-11-07T18:47:45 IST" name="setUp" finished-at="2023-11-07T18:47:45 IST" duration-ms="2" status="PASS">
          <params>
            <param index="0">
              <value>
                <![CDATA[chrome]]>
              </value>
            </param>
            <param index="1">
              <value is-null="true"/>
            </param>
            <param index="2">
              <value is-null="true"/>
            </param>
            <param index="3">
              <value is-null="true"/>
            </param>
            <param index="4">
              <value>
                <![CDATA[public void com.prime.tests.E2E.SearchFunctionalityTest.VerifyUserIsAbleToPerformSearchWithTheCombinationOfRefineTermsByAddingClearingRemovingMoreThanOneRows() throws java.lang.Exception]]>
              </value>
            </param>
          </params>
          <reporter-output>
          </reporter-output>
        </test-method> <!-- setUp -->
        <test-method signature="VerifyUserIsAbleToPerformSearchWithTheCombinationOfRefineTermsByAddingClearingRemovingMoreThanOneRows()[pri:0, instance:com.prime.tests.E2E.SearchFunctionalityTest@2a62b5bc]" started-at="2023-11-07T18:47:45 IST" name="VerifyUserIsAbleToPerformSearchWithTheCombinationOfRefineTermsByAddingClearingRemovingMoreThanOneRows" description="1722545 - Verify that user is able to perform search with the combination of refine terms by adding, clearing , removing more than one rows." finished-at="2023-11-07T18:49:28 IST" duration-ms="103188" status="PASS">
          <reporter-output>
          </reporter-output>
        </test-method> <!-- VerifyUserIsAbleToPerformSearchWithTheCombinationOfRefineTermsByAddingClearingRemovingMoreThanOneRows -->
        <test-method is-config="true" signature="closeApplication(java.lang.String)[pri:0, instance:com.prime.tests.E2E.SearchFunctionalityTest@2a62b5bc]" started-at="2023-11-07T18:49:28 IST" name="closeApplication" finished-at="2023-11-07T18:49:44 IST" duration-ms="15083" status="PASS">
          <params>
            <param index="0">
              <value is-null="true"/>
            </param>
          </params>
          <reporter-output>
          </reporter-output>
        </test-method> <!-- closeApplication -->
        <test-method is-config="true" signature="setUp(java.lang.String,java.lang.String,java.lang.String,java.lang.String,java.lang.reflect.Method)[pri:0, instance:com.prime.tests.E2E.SearchFunctionalityTest@2a62b5bc]" started-at="2023-11-07T18:49:44 IST" name="setUp" finished-at="2023-11-07T18:49:44 IST" duration-ms="1" status="PASS">
          <params>
            <param index="0">
              <value>
                <![CDATA[chrome]]>
              </value>
            </param>
            <param index="1">
              <value is-null="true"/>
            </param>
            <param index="2">
              <value is-null="true"/>
            </param>
            <param index="3">
              <value is-null="true"/>
            </param>
            <param index="4">
              <value>
                <![CDATA[public void com.prime.tests.E2E.SearchFunctionalityTest.VerifyVariousRefineTermsInTheSearchResultsPage() throws java.lang.Exception]]>
              </value>
            </param>
          </params>
          <reporter-output>
          </reporter-output>
        </test-method> <!-- setUp -->
        <test-method signature="VerifyVariousRefineTermsInTheSearchResultsPage()[pri:0, instance:com.prime.tests.E2E.SearchFunctionalityTest@2a62b5bc]" started-at="2023-11-07T18:49:44 IST" name="VerifyVariousRefineTermsInTheSearchResultsPage" description="1722544 - Verify various Refine terms in the search results page" finished-at="2023-11-07T18:51:03 IST" duration-ms="79575" status="PASS">
          <reporter-output>
          </reporter-output>
        </test-method> <!-- VerifyVariousRefineTermsInTheSearchResultsPage -->
        <test-method is-config="true" signature="closeApplication(java.lang.String)[pri:0, instance:com.prime.tests.E2E.SearchFunctionalityTest@2a62b5bc]" started-at="2023-11-07T18:51:03 IST" name="closeApplication" finished-at="2023-11-07T18:51:06 IST" duration-ms="3220" status="PASS">
          <params>
            <param index="0">
              <value is-null="true"/>
            </param>
          </params>
          <reporter-output>
          </reporter-output>
        </test-method> <!-- closeApplication -->
      </class> <!-- com.prime.tests.E2E.SearchFunctionalityTest -->
    </test> <!-- SEARCH_E2E_FULL -->
  </suite> <!-- Prime Automation E2E Suite -->
</testng-results>
