<?xml version="1.0" encoding="UTF-8"?>
<!-- Generated by org.testng.reporters.JUnitXMLReporter -->
<testsuite ignored="3" hostname="XINMBDLN9C5Q" failures="0" tests="2" name="DEMO_E2E" time="34.693" errors="0" timestamp="2023-09-29T14:11:49 IST">
  <testcase classname="com.prime.tests.FPJ.UnAuthenticatedViewCheckPagesFlow" name="verifyThatViewPagesDisplayed" time="18.148"/>
  <testcase classname="com.prime.tests.FPJ.IntegrationE2EFlow" name="verifyThatUserAbleToLaunchApplication" time="30.446"/>
  <testcase classname="com.prime.generics.BaseTest" name="@BeforeSuite establishConnection" time="0.0">
    <ignored/>
  </testcase> <!-- @BeforeSuite establishConnection -->
  <testcase classname="com.prime.generics.BaseTest" name="@AfterSuite closeDriver" time="0.0">
    <ignored/>
  </testcase> <!-- @AfterSuite closeDriver -->
  <testcase classname="com.prime.generics.BaseTest" name="@BeforeTest loadConfigurationValues" time="0.0">
    <ignored/>
  </testcase> <!-- @BeforeTest loadConfigurationValues -->
</testsuite> <!-- DEMO_E2E -->
