<?xml version="1.0" encoding="UTF-8"?>
<!-- Generated by org.testng.reporters.JUnitReportReporter -->
<testsuite hostname="XINMBDLN9C5Q" failures="1" tests="2" name="com.prime.tests.FPJ.IntegrationE2EFlow" time="41.205" errors="0" timestamp="2023-09-01T13:56:59 IST" skipped="1">
  <testcase classname="com.prime.tests.FPJ.IntegrationE2EFlow" name="verifyThatUserAbleToLaunchApplication" time="16.144">
    <failure message="API not 200 OK ::  Expected Result--&gt; 200 || Actual Result--&gt; 403" type="java.lang.AssertionError">
      <![CDATA[java.lang.AssertionError: API not 200 OK ::  Expected Result--> 200 || Actual Result--> 403
at org.testng.Assert.fail(Assert.java:111)
at com.prime.generics.BaseTest.assertEquals(BaseTest.java:836)
at com.prime.tests.FPJ.IntegrationE2EFlow.verifyThatUserAbleToLaunchApplication(IntegrationE2EFlow.java:64)
at java.base/jdk.internal.reflect.NativeMethodAccessorImpl.invoke0(Native Method)
at java.base/jdk.internal.reflect.NativeMethodAccessorImpl.invoke(NativeMethodAccessorImpl.java:78)
at java.base/jdk.internal.reflect.DelegatingMethodAccessorImpl.invoke(DelegatingMethodAccessorImpl.java:43)
at java.base/java.lang.reflect.Method.invoke(Method.java:567)
at org.testng.internal.invokers.MethodInvocationHelper.invokeMethod(MethodInvocationHelper.java:139)
at org.testng.internal.invokers.TestInvoker.invokeMethod(TestInvoker.java:664)
at org.testng.internal.invokers.TestInvoker.retryFailed(TestInvoker.java:248)
at org.testng.internal.invokers.MethodRunner.runInSequence(MethodRunner.java:62)
at org.testng.internal.invokers.TestInvoker$MethodInvocationAgent.invoke(TestInvoker.java:957)
at org.testng.internal.invokers.TestInvoker.invokeTestMethods(TestInvoker.java:200)
at org.testng.internal.invokers.TestMethodWorker.invokeTestMethods(TestMethodWorker.java:148)
at org.testng.internal.invokers.TestMethodWorker.run(TestMethodWorker.java:128)
at java.base/java.util.ArrayList.forEach(ArrayList.java:1511)
at org.testng.TestRunner.privateRun(TestRunner.java:848)
at org.testng.TestRunner.run(TestRunner.java:621)
at org.testng.SuiteRunner.runTest(SuiteRunner.java:443)
at org.testng.SuiteRunner$SuiteWorker.run(SuiteRunner.java:481)
at org.testng.internal.thread.ThreadUtil.lambda$execute$0(ThreadUtil.java:58)
at java.base/java.util.concurrent.FutureTask.run(FutureTask.java:264)
at java.base/java.util.concurrent.ThreadPoolExecutor.runWorker(ThreadPoolExecutor.java:1130)
at java.base/java.util.concurrent.ThreadPoolExecutor$Worker.run(ThreadPoolExecutor.java:630)
at java.base/java.lang.Thread.run(Thread.java:831)
]]>
    </failure>
  </testcase> <!-- verifyThatUserAbleToLaunchApplication -->
  <testcase classname="com.prime.tests.FPJ.IntegrationE2EFlow" name="verifyThatUserAbleToLaunchApplication" time="25.061">
    <skipped/>
  </testcase> <!-- verifyThatUserAbleToLaunchApplication -->
</testsuite> <!-- com.prime.tests.FPJ.IntegrationE2EFlow -->
