<?xml version="1.0" encoding="UTF-8"?>
<!-- Generated by org.testng.reporters.JUnitReportReporter -->
<testsuite hostname="XINMBDL871M" failures="0" tests="3" name="MongoUtils.WebScrapTest" time="29.462" errors="0" timestamp="2023-04-09T08:09:32 IST" skipped="0">
  <testcase classname="MongoUtils.WebScrapTest" name="webScrapeTest" time="6.233"/>
  <system-out/>
  <testcase classname="MongoUtils.WebScrapTest" name="webScrapeTest" time="13.052"/>
  <system-out/>
  <testcase classname="MongoUtils.WebScrapTest" name="webScrapeTest" time="10.177"/>
  <system-out/>
</testsuite> <!-- MongoUtils.WebScrapTest -->
