<?xml version="1.0" encoding="UTF-8"?>
<!-- Generated by org.testng.reporters.JUnitReportReporter -->
<testsuite hostname="XINMBDL871M" failures="0" tests="2" name="com.sheridan.select.tests.sds.JournalsPodPlaceOrderTest" time="11.942" errors="1" timestamp="2023-04-08T09:09:21 IST" skipped="1">
  <testcase classname="com.sheridan.select.tests.sds.JournalsPodPlaceOrderTest" name="VerifytheTransactionStatusOrderStatusItemStatusforJournaltransactionwithmultipleorderswithmultipleproductdisplay" time="4.309">
    <error message="Keys to send should be a not null CharSequence" type="java.lang.IllegalArgumentException">
      <![CDATA[java.lang.IllegalArgumentException: Keys to send should be a not null CharSequence
at org.openqa.selenium.remote.RemoteWebElement.sendKeys(RemoteWebElement.java:93)
at java.base/jdk.internal.reflect.NativeMethodAccessorImpl.invoke0(Native Method)
at java.base/jdk.internal.reflect.NativeMethodAccessorImpl.invoke(NativeMethodAccessorImpl.java:77)
at java.base/jdk.internal.reflect.DelegatingMethodAccessorImpl.invoke(DelegatingMethodAccessorImpl.java:43)
at java.base/java.lang.reflect.Method.invoke(Method.java:568)
at org.openqa.selenium.support.pagefactory.internal.LocatingElementHandler.invoke(LocatingElementHandler.java:51)
at jdk.proxy2/jdk.proxy2.$Proxy15.sendKeys(Unknown Source)
at com.generics.LoginPage.multiLogin(LoginPage.java:206)
at com.generics.BaseTest.openSDSPortal(BaseTest.java:493)
at com.sheridan.select.tests.sds.JournalsPodPlaceOrderTest.VerifytheTransactionStatusOrderStatusItemStatusforJournaltransactionwithmultipleorderswithmultipleproductdisplay(JournalsPodPlaceOrderTest.java:68)
at java.base/jdk.internal.reflect.NativeMethodAccessorImpl.invoke0(Native Method)
at java.base/jdk.internal.reflect.NativeMethodAccessorImpl.invoke(NativeMethodAccessorImpl.java:77)
at java.base/jdk.internal.reflect.DelegatingMethodAccessorImpl.invoke(DelegatingMethodAccessorImpl.java:43)
at java.base/java.lang.reflect.Method.invoke(Method.java:568)
at org.testng.internal.MethodInvocationHelper.invokeMethod(MethodInvocationHelper.java:133)
at org.testng.internal.TestInvoker.invokeMethod(TestInvoker.java:598)
at org.testng.internal.TestInvoker.retryFailed(TestInvoker.java:213)
at org.testng.internal.MethodRunner.runInSequence(MethodRunner.java:58)
at org.testng.internal.TestInvoker$MethodInvocationAgent.invoke(TestInvoker.java:824)
at org.testng.internal.TestInvoker.invokeTestMethods(TestInvoker.java:146)
at org.testng.internal.TestMethodWorker.invokeTestMethods(TestMethodWorker.java:146)
at org.testng.internal.TestMethodWorker.run(TestMethodWorker.java:128)
at java.base/java.util.ArrayList.forEach(ArrayList.java:1511)
at org.testng.TestRunner.privateRun(TestRunner.java:794)
at org.testng.TestRunner.run(TestRunner.java:596)
at org.testng.SuiteRunner.runTest(SuiteRunner.java:377)
at org.testng.SuiteRunner.access$000(SuiteRunner.java:28)
at org.testng.SuiteRunner$SuiteWorker.run(SuiteRunner.java:418)
at org.testng.internal.thread.ThreadUtil.lambda$execute$0(ThreadUtil.java:64)
at java.base/java.util.concurrent.FutureTask.run(FutureTask.java:264)
at java.base/java.util.concurrent.ThreadPoolExecutor.runWorker(ThreadPoolExecutor.java:1136)
at java.base/java.util.concurrent.ThreadPoolExecutor$Worker.run(ThreadPoolExecutor.java:635)
at java.base/java.lang.Thread.run(Thread.java:833)
]]>
    </error>
  </testcase> <!-- VerifytheTransactionStatusOrderStatusItemStatusforJournaltransactionwithmultipleorderswithmultipleproductdisplay -->
  <system-out/>
  <testcase classname="com.sheridan.select.tests.sds.JournalsPodPlaceOrderTest" name="VerifytheTransactionStatusOrderStatusItemStatusforJournaltransactionwithmultipleorderswithmultipleproductdisplay" time="7.633">
    <skipped/>
  </testcase> <!-- VerifytheTransactionStatusOrderStatusItemStatusforJournaltransactionwithmultipleorderswithmultipleproductdisplay -->
  <system-out/>
</testsuite> <!-- com.sheridan.select.tests.sds.JournalsPodPlaceOrderTest -->
