<?xml version="1.0" encoding="UTF-8"?>
<!-- Generated by org.testng.reporters.JUnitReportReporter -->
<testsuite hostname="XINMUMDLNFC5Q" failures="1" tests="7" name="com.prime.tests.FPJ.ArticleCitationPageTSCIR" time="133.758" errors="0" timestamp="2023-07-19T18:16:56 IST" skipped="1">
  <testcase classname="com.prime.tests.FPJ.ArticleCitationPageTSCIR" name="verifyThatTheUserAbleToSelectAMAandAPACitationFormatInPreviewExportCitationPopupForOpenAccessContentOnTSCIRAPP" time="18.531"/>
  <system-out/>
  <testcase classname="com.prime.tests.FPJ.ArticleCitationPageTSCIR" name="verifyTheExportCitationFormatLabelOnCitationPopupOnTSCIRAPP" time="11.461"/>
  <system-out/>
  <testcase classname="com.prime.tests.FPJ.ArticleCitationPageTSCIR" name="verifyThatTheUserAbleToSeeRISBIBENWExportCitationButtonAndUserExportTheCitationsInRISBIBENWFormatInAppropriateFolderLocationOrDefaultDownloadFolderLocationOnTSCIRAPP" time="19.658">
    <skipped/>
  </testcase> <!-- verifyThatTheUserAbleToSeeRISBIBENWExportCitationButtonAndUserExportTheCitationsInRISBIBENWFormatInAppropriateFolderLocationOrDefaultDownloadFolderLocationOnTSCIRAPP -->
  <system-out/>
  <testcase classname="com.prime.tests.FPJ.ArticleCitationPageTSCIR" name="verifyCitationButonAvailableAndPreviewExportCitationPopUpWillBeDisplayedWhenClickedOnItOnHOmePageArticleOnTSCIRAPP" time="17.024"/>
  <system-out/>
  <testcase classname="com.prime.tests.FPJ.ArticleCitationPageTSCIR" name="verifyTheAbbreviatedJournalTitleDisplayOnExportCitationPopupWhenAMAFormatSelectedOnTSCIRAPP" time="11.815"/>
  <system-out/>
  <testcase classname="com.prime.tests.FPJ.ArticleCitationPageTSCIR" name="verifyXLinkOrCancelButtonOnPreviewExportCitationPopupAreVisibleToUserAndItWillBeClosedWhenUserClickedAnywhereOutsideThePopupOrClickOnXLinkOrCancelButtonOnTSCIRAPP" time="11.294"/>
  <system-out/>
  <testcase classname="com.prime.tests.FPJ.ArticleCitationPageTSCIR" name="verifyThatTheUserAbleToSeeRISBIBENWExportCitationButtonAndUserExportTheCitationsInRISBIBENWFormatInAppropriateFolderLocationOrDefaultDownloadFolderLocationOnTSCIRAPP" time="43.975">
    <failure message="checking the file citationExport-article-p43.ris is downloaded ::  Expected Result--&gt; citationExport-article-p43.ris || Actual Result--&gt; citationExport-article-p43 (1).ris" type="java.lang.AssertionError">
      <![CDATA[java.lang.AssertionError: checking the file citationExport-article-p43.ris is downloaded ::  Expected Result--> citationExport-article-p43.ris || Actual Result--> citationExport-article-p43 (1).ris
at org.testng.Assert.fail(Assert.java:99)
at com.generics.BaseTest.assertEquals(BaseTest.java:672)
at com.prime.tests.FPJ.ArticleCitationPageTSCIR.verifyThatTheUserAbleToSeeRISBIBENWExportCitationButtonAndUserExportTheCitationsInRISBIBENWFormatInAppropriateFolderLocationOrDefaultDownloadFolderLocationOnTSCIRAPP(ArticleCitationPageTSCIR.java:100)
at java.base/jdk.internal.reflect.DirectMethodHandleAccessor.invoke(DirectMethodHandleAccessor.java:104)
at java.base/java.lang.reflect.Method.invoke(Method.java:578)
at org.testng.internal.MethodInvocationHelper.invokeMethod(MethodInvocationHelper.java:133)
at org.testng.internal.TestInvoker.invokeMethod(TestInvoker.java:598)
at org.testng.internal.TestInvoker.retryFailed(TestInvoker.java:213)
at org.testng.internal.MethodRunner.runInSequence(MethodRunner.java:58)
at org.testng.internal.TestInvoker$MethodInvocationAgent.invoke(TestInvoker.java:824)
at org.testng.internal.TestInvoker.invokeTestMethods(TestInvoker.java:146)
at org.testng.internal.TestMethodWorker.invokeTestMethods(TestMethodWorker.java:146)
at org.testng.internal.TestMethodWorker.run(TestMethodWorker.java:128)
at java.base/java.util.ArrayList.forEach(ArrayList.java:1511)
at org.testng.TestRunner.privateRun(TestRunner.java:794)
at org.testng.TestRunner.run(TestRunner.java:596)
at org.testng.SuiteRunner.runTest(SuiteRunner.java:377)
at org.testng.SuiteRunner.access$000(SuiteRunner.java:28)
at org.testng.SuiteRunner$SuiteWorker.run(SuiteRunner.java:418)
at org.testng.internal.thread.ThreadUtil.lambda$execute$0(ThreadUtil.java:64)
at java.base/java.util.concurrent.FutureTask.run(FutureTask.java:317)
at java.base/java.util.concurrent.ThreadPoolExecutor.runWorker(ThreadPoolExecutor.java:1144)
at java.base/java.util.concurrent.ThreadPoolExecutor$Worker.run(ThreadPoolExecutor.java:642)
at java.base/java.lang.Thread.run(Thread.java:1589)
]]>
    </failure>
  </testcase> <!-- verifyThatTheUserAbleToSeeRISBIBENWExportCitationButtonAndUserExportTheCitationsInRISBIBENWFormatInAppropriateFolderLocationOrDefaultDownloadFolderLocationOnTSCIRAPP -->
  <system-out/>
</testsuite> <!-- com.prime.tests.FPJ.ArticleCitationPageTSCIR -->
