<?xml version="1.0" encoding="UTF-8"?>
<!-- Generated by org.testng.reporters.JUnitReportReporter -->
<testsuite hostname="XINMBDL871M" failures="0" tests="1" name="com.sheridan.select.tests.gates.ManualDropJournals" time="88.082" errors="0" timestamp="2023-04-08T09:09:21 IST" skipped="0">
  <testcase classname="com.sheridan.select.tests.gates.ManualDropJournals" name="verifyUgateOrderXmlSchemaIsAddedWithNewAddressLinesmanualDropbook" time="88.082"/>
  <system-out/>
</testsuite> <!-- com.sheridan.select.tests.gates.ManualDropJournals -->
