<?xml version="1.0" encoding="UTF-8"?>
<!-- Generated by org.testng.reporters.JUnitReportReporter -->
<testsuite hostname="XINMBDL871M" failures="0" tests="2" name="com.sheridan.select.TestClassTwo" time="3.588" errors="0" timestamp="2023-02-17T23:31:28 IST" skipped="0">
  <testcase classname="com.sheridan.select.TestClassTwo" name="AddSIXLinktoSEWInterface" time="1.146"/>
  <system-out/>
  <testcase classname="com.sheridan.select.TestClassTwo" name="AddSIXLinktoSEWInterface" time="2.442"/>
  <system-out/>
</testsuite> <!-- com.sheridan.select.TestClassTwo -->
