<?xml version="1.0" encoding="UTF-8"?>
<!-- Generated by org.testng.reporters.JUnitReportReporter -->
<testsuite hostname="XINMBDL871M" failures="0" tests="2" name="com.pubFactory.tests.Brill.LoginTest" time="19.971" errors="0" timestamp="2023-04-10T07:59:09 IST" skipped="0">
  <testcase classname="com.pubFactory.tests.Brill.LoginTest" name="TC1708394" time="6.151"/>
  <system-out/>
  <testcase classname="com.pubFactory.tests.Brill.LoginTest" name="TC1706491" time="13.820"/>
  <system-out/>
</testsuite> <!-- com.pubFactory.tests.Brill.LoginTest -->
