<?xml version="1.0" encoding="UTF-8"?>
<!-- Generated by org.testng.reporters.JUnitReportReporter -->
<testsuite hostname="XINMBDLN9C5Q" failures="0" tests="2" name="com.prime.tests.FPJ.API_IntegrationE2EFlow" time="4.424" errors="1" timestamp="2023-08-30T16:15:57 IST" skipped="1">
  <testcase classname="com.prime.tests.FPJ.API_IntegrationE2EFlow" name="verifyThatUserAbleToLaunchApplication" time="2.370">
    <skipped/>
  </testcase> <!-- verifyThatUserAbleToLaunchApplication -->
  <testcase classname="com.prime.tests.FPJ.API_IntegrationE2EFlow" name="verifyThatUserAbleToLaunchApplication" time="2.054">
    <error message="com.fasterxml.jackson.databind.exc.UnrecognizedPropertyException: Unrecognized field &quot;parameterName&quot; (class com.prime.pojo.searchResults.Filters), not marked as ignorable (9 known properties: &quot;defaultLabel&quot;, &quot;advancedValues&quot;, &quot;displayCounts&quot;, &quot;collapsed&quot;, &quot;type&quot;, &quot;id&quot;, &quot;multiValued&quot;, &quot;cutoff&quot;, &quot;parameterType&quot;])
 at [Source: (String)&quot;{&quot;results&quot;:[{&quot;uri&quot;:&quot;/journals/fpro/73/2/article-p175.xml&quot;},{&quot;uri&quot;:&quot;/journals/fpro/73/2/article-p171.xml&quot;},{&quot;uri&quot;:&quot;/journals/fpro/72/s2/article-p8.xml&quot;},{&quot;uri&quot;:&quot;/journals/fpro/73/2/article-p126.xml&quot;},{&quot;uri&quot;:&quot;/journals/fpro/73/2/article-p154.xml&quot;},{&quot;uri&quot;:&quot;/journals/fpro/73/2/article-p146.xml&quot;},{&quot;uri&quot;:&quot;/journals/fpro/73/2/article-p133.xml&quot;},{&quot;uri&quot;:&quot;/journals/fpro/73/2/article-p142.xml&quot;},{&quot;uri&quot;:&quot;/journals/fpro/73/2/article-p113.xml&quot;},{&quot;uri&quot;:&quot;/journals/fpro/73/2/article-p104.xml&quot;}],&quot;pagination&quot;:{&quot;tot&quot;[truncated 2289 chars]; line: 1, column: 1427] (through reference chain: com.prime.pojo.searchResults.SearchResultsResponse[&quot;filters&quot;]-&gt;java.util.ArrayList[1]-&gt;com.prime.pojo.searchResults.Filters[&quot;parameterName&quot;])" type="java.lang.RuntimeException">
      <![CDATA[java.lang.RuntimeException: com.fasterxml.jackson.databind.exc.UnrecognizedPropertyException: Unrecognized field "parameterName" (class com.prime.pojo.searchResults.Filters), not marked as ignorable (9 known properties: "defaultLabel", "advancedValues", "displayCounts", "collapsed", "type", "id", "multiValued", "cutoff", "parameterType"])
 at [Source: (String)"{"results":[{"uri":"/journals/fpro/73/2/article-p175.xml"},{"uri":"/journals/fpro/73/2/article-p171.xml"},{"uri":"/journals/fpro/72/s2/article-p8.xml"},{"uri":"/journals/fpro/73/2/article-p126.xml"},{"uri":"/journals/fpro/73/2/article-p154.xml"},{"uri":"/journals/fpro/73/2/article-p146.xml"},{"uri":"/journals/fpro/73/2/article-p133.xml"},{"uri":"/journals/fpro/73/2/article-p142.xml"},{"uri":"/journals/fpro/73/2/article-p113.xml"},{"uri":"/journals/fpro/73/2/article-p104.xml"}],"pagination":{"tot"[truncated 2289 chars]; line: 1, column: 1427] (through reference chain: com.prime.pojo.searchResults.SearchResultsResponse["filters"]->java.util.ArrayList[1]->com.prime.pojo.searchResults.Filters["parameterName"])
at io.restassured.internal.path.json.mapping.JsonPathJackson2ObjectDeserializer.deserialize(JsonPathJackson2ObjectDeserializer.java:30)
at io.restassured.path.json.mapping.JsonPathObjectDeserializer$deserialize.call(Unknown Source)
at io.restassured.internal.mapping.Jackson2Mapper.deserialize(Jackson2Mapper.groovy:58)
at io.restassured.mapper.ObjectMapper$deserialize.call(Unknown Source)
at io.restassured.internal.mapping.ObjectMapping.parseWithJackson2(ObjectMapping.groovy:254)
at io.restassured.internal.mapping.ObjectMapping$parseWithJackson2$0.callStatic(Unknown Source)
at io.restassured.internal.mapping.ObjectMapping.deserialize(ObjectMapping.groovy:56)
at io.restassured.internal.mapping.ObjectMapping$deserialize.call(Unknown Source)
at io.restassured.internal.RestAssuredResponseOptionsGroovyImpl.as(RestAssuredResponseOptionsGroovyImpl.groovy:229)
at io.restassured.internal.RestAssuredResponseOptionsImpl.as(RestAssuredResponseOptionsImpl.java:169)
at com.prime.tests.FPJ.API_IntegrationE2EFlow.verifyThatUserAbleToLaunchApplication(API_IntegrationE2EFlow.java:81)
at java.base/jdk.internal.reflect.NativeMethodAccessorImpl.invoke0(Native Method)
at java.base/jdk.internal.reflect.NativeMethodAccessorImpl.invoke(NativeMethodAccessorImpl.java:78)
at java.base/jdk.internal.reflect.DelegatingMethodAccessorImpl.invoke(DelegatingMethodAccessorImpl.java:43)
at java.base/java.lang.reflect.Method.invoke(Method.java:567)
at org.testng.internal.invokers.MethodInvocationHelper.invokeMethod(MethodInvocationHelper.java:139)
at org.testng.internal.invokers.TestInvoker.invokeMethod(TestInvoker.java:664)
at org.testng.internal.invokers.TestInvoker.retryFailed(TestInvoker.java:248)
at org.testng.internal.invokers.MethodRunner.runInSequence(MethodRunner.java:62)
at org.testng.internal.invokers.TestInvoker$MethodInvocationAgent.invoke(TestInvoker.java:957)
at org.testng.internal.invokers.TestInvoker.invokeTestMethods(TestInvoker.java:200)
at org.testng.internal.invokers.TestMethodWorker.invokeTestMethods(TestMethodWorker.java:148)
at org.testng.internal.invokers.TestMethodWorker.run(TestMethodWorker.java:128)
at java.base/java.util.ArrayList.forEach(ArrayList.java:1511)
at org.testng.TestRunner.privateRun(TestRunner.java:848)
at org.testng.TestRunner.run(TestRunner.java:621)
at org.testng.SuiteRunner.runTest(SuiteRunner.java:443)
at org.testng.SuiteRunner.runSequentially(SuiteRunner.java:437)
at org.testng.SuiteRunner.privateRun(SuiteRunner.java:397)
at org.testng.SuiteRunner.run(SuiteRunner.java:336)
at org.testng.SuiteRunnerWorker.runSuite(SuiteRunnerWorker.java:52)
at org.testng.SuiteRunnerWorker.run(SuiteRunnerWorker.java:95)
at org.testng.TestNG.runSuitesSequentially(TestNG.java:1280)
at org.testng.TestNG.runSuitesLocally(TestNG.java:1200)
at org.testng.TestNG.runSuites(TestNG.java:1114)
at org.testng.TestNG.run(TestNG.java:1082)
at org.testng.remote.AbstractRemoteTestNG.run(AbstractRemoteTestNG.java:115)
at org.testng.remote.RemoteTestNG.initAndRun(RemoteTestNG.java:251)
at org.testng.remote.RemoteTestNG.main(RemoteTestNG.java:77)
Caused by: com.fasterxml.jackson.databind.exc.UnrecognizedPropertyException: Unrecognized field "parameterName" (class com.prime.pojo.searchResults.Filters), not marked as ignorable (9 known properties: "defaultLabel", "advancedValues", "displayCounts", "collapsed", "type", "id", "multiValued", "cutoff", "parameterType"])
 at [Source: (String)"{"results":[{"uri":"/journals/fpro/73/2/article-p175.xml"},{"uri":"/journals/fpro/73/2/article-p171.xml"},{"uri":"/journals/fpro/72/s2/article-p8.xml"},{"uri":"/journals/fpro/73/2/article-p126.xml"},{"uri":"/journals/fpro/73/2/article-p154.xml"},{"uri":"/journals/fpro/73/2/article-p146.xml"},{"uri":"/journals/fpro/73/2/article-p133.xml"},{"uri":"/journals/fpro/73/2/article-p142.xml"},{"uri":"/journals/fpro/73/2/article-p113.xml"},{"uri":"/journals/fpro/73/2/article-p104.xml"}],"pagination":{"tot"[truncated 2289 chars]; line: 1, column: 1427] (through reference chain: com.prime.pojo.searchResults.SearchResultsResponse["filters"]->java.util.ArrayList[1]->com.prime.pojo.searchResults.Filters["parameterName"])
at com.fasterxml.jackson.databind.exc.UnrecognizedPropertyException.from(UnrecognizedPropertyException.java:61)
at com.fasterxml.jackson.databind.DeserializationContext.handleUnknownProperty(DeserializationContext.java:1138)
at com.fasterxml.jackson.databind.deser.std.StdDeserializer.handleUnknownProperty(StdDeserializer.java:2224)
at com.fasterxml.jackson.databind.deser.BeanDeserializerBase.handleUnknownProperty(BeanDeserializerBase.java:1709)
at com.fasterxml.jackson.databind.deser.BeanDeserializerBase.handleUnknownVanilla(BeanDeserializerBase.java:1687)
at com.fasterxml.jackson.databind.deser.BeanDeserializer.vanillaDeserialize(BeanDeserializer.java:320)
at com.fasterxml.jackson.databind.deser.BeanDeserializer.deserialize(BeanDeserializer.java:177)
at com.fasterxml.jackson.databind.deser.std.CollectionDeserializer._deserializeFromArray(CollectionDeserializer.java:359)
at com.fasterxml.jackson.databind.deser.std.CollectionDeserializer.deserialize(CollectionDeserializer.java:244)
at com.fasterxml.jackson.databind.deser.std.CollectionDeserializer.deserialize(CollectionDeserializer.java:28)
at com.fasterxml.jackson.databind.deser.impl.MethodProperty.deserializeAndSet(MethodProperty.java:129)
at com.fasterxml.jackson.databind.deser.BeanDeserializer.vanillaDeserialize(BeanDeserializer.java:314)
at com.fasterxml.jackson.databind.deser.BeanDeserializer.deserialize(BeanDeserializer.java:177)
at com.fasterxml.jackson.databind.deser.DefaultDeserializationContext.readRootValue(DefaultDeserializationContext.java:323)
at com.fasterxml.jackson.databind.ObjectMapper._readMapAndClose(ObjectMapper.java:4825)
at com.fasterxml.jackson.databind.ObjectMapper.readValue(ObjectMapper.java:3772)
at io.restassured.internal.path.json.mapping.JsonPathJackson2ObjectDeserializer.deserialize(JsonPathJackson2ObjectDeserializer.java:28)
... 38 more
]]>
    </error>
  </testcase> <!-- verifyThatUserAbleToLaunchApplication -->
</testsuite> <!-- com.prime.tests.FPJ.API_IntegrationE2EFlow -->
